#
# A fatal error has been detected by the Java Runtime Environment:
#
#  EXCEPTION_ACCESS_VIOLATION (0xc0000005) at pc=0x171ab4e7, pid=22364, tid=0x000049dc
#
# JRE version: Java(TM) SE Runtime Environment (8.0_121-b13) (build 1.8.0_121-b13)
# Java VM: Java HotSpot(TM) Client VM (25.121-b13 mixed mode windows-x86 )
# Problematic frame:
# C  [OTACLI~1.DLL+0x7b4e7]
#
# Failed to write core dump. Minidumps are not enabled by default on client versions of Windows
#
# If you would like to submit a bug report, please visit:
#   http://bugreport.java.com/bugreport/crash.jsp
#

---------------  T H R E A D  ---------------

Current thread (0x14e52000):  VMThread [stack: 0x00620000,0x00670000] [id=18908]

siginfo: ExceptionCode=0xc0000005, reading address 0x17d29af4

Registers:
EAX=0x00002088, EBX=0x179ec728, ECX=0x179e3e38, EDX=0x000a0c1e
ESP=0x0066f310, EBP=0x0066f340, ESI=0x17d29af4, EDI=0x00000000
EIP=0x171ab4e7, EFLAGS=0x00010202

Top of Stack: (sp=0x0066f310)
0x0066f310:   19d1fa80 1733ba70 19d1fa80 1733b927
0x0066f320:   9acfa1b0 00000000 19d1fa78 179ec728
0x0066f330:   19d1fa80 0066f358 174bc4d6 00000000
0x0066f340:   0066f364 1734b683 9acfa194 00000000
0x0066f350:   19d1fa78 179ec728 0066f3a4 174bf7e2
0x0066f360:   00000000 0066f3b0 17387190 19d1fa78
0x0066f370:   19d1fa78 17388c21 19d1fa78 17387c20
0x0066f380:   00000001 179ec570 768f13e0 1734c01a 

Instructions: (pc=0x171ab4e7)
0x171ab4c7:   46 10 85 c0 74 06 8b 08 50 ff 51 08 8b 46 0c 85
0x171ab4d7:   c0 74 06 8b 08 50 ff 51 08 8b 76 04 85 f6 74 06
0x171ab4e7:   8b 06 56 ff 50 08 5e c3 51 80 7e 08 00 75 22 8b
0x171ab4f7:   46 0c 8b 48 0c 85 c9 74 0d 8b 01 ff 10 8b 40 04 


Register to memory mapping:

EAX=
[error occurred during error reporting (printing register info), id 0xc0000005]

Stack: [0x00620000,0x00670000],  sp=0x0066f310,  free space=316k
Native frames: (J=compiled Java code, j=interpreted, Vv=VM code, C=native code)
C  [OTACLI~1.DLL+0x7b4e7]
C  [OTACLI~1.DLL+0x21b683]
C  [OTACLI~1.DLL+0x257190]
C  [OTACLI~1.DLL+0xdd442]
C  [OTACLI~1.DLL+0x56efc]
C  [OTACLI~1.DLL+0x209c44]
C  [OTACLI~1.DLL+0xc7393]
C  [OTACLI~1.DLL+0x36f4e8]
C  [OTACLI~1.DLL+0x36afc0]
C  [OTACLI~1.DLL+0x36b02b]
C  [ntdll.dll+0x399a0]
C  [ntdll.dll+0x4d702]
C  [ntdll.dll+0x4d5a4]
C  [kernel32.dll+0x179c5]
C  [msvcr100.dll+0x27997]
C  [msvcr100.dll+0x27ab0]
C  [msvcr100.dll+0x27b1d]
V  [jvm.dll+0x159492]
V  [jvm.dll+0x1830ad]
V  [jvm.dll+0x182511]
V  [jvm.dll+0x182927]
V  [jvm.dll+0x182b22]
V  [jvm.dll+0x1c2ae6]
C  [msvcr100.dll+0x5c556]
C  [msvcr100.dll+0x5c600]
C  [kernel32.dll+0x1336a]
C  [ntdll.dll+0x39f72]
C  [ntdll.dll+0x39f45]

VM_Operation (0x0059f650): Exit, mode: safepoint, requested by thread 0x02283400


---------------  P R O C E S S  ---------------

Java Threads: ( => current thread )
  0x15e4ec00 JavaThread "UrlChecker-2" daemon [_thread_blocked, id=18400, stack(0x152f0000,0x15340000)]
  0x14e92400 JavaThread "Service Thread" daemon [_thread_blocked, id=13652, stack(0x15500000,0x15550000)]
  0x14e8e800 JavaThread "C1 CompilerThread0" daemon [_thread_blocked, id=8684, stack(0x15250000,0x152a0000)]
  0x14e96000 JavaThread "Attach Listener" daemon [_thread_blocked, id=6548, stack(0x15390000,0x153e0000)]
  0x14e7f000 JavaThread "Finalizer" daemon [_thread_blocked, id=21028, stack(0x14d50000,0x14da0000)]
  0x14e7a400 JavaThread "Reference Handler" daemon [_thread_blocked, id=16564, stack(0x047b0000,0x04800000)]
  0x02283400 JavaThread "main" [_thread_blocked, id=24412, stack(0x00550000,0x005a0000)]

Other Threads:
=>0x14e52000 VMThread [stack: 0x00620000,0x00670000] [id=18908]

VM state:at safepoint (shutting down)

VM Mutex/Monitor currently owned by a thread:  ([mutex/lock_event])
[0x022817c0] Threads_lock - owner thread: 0x14e52000

Heap:
 def new generation   total 4928K, used 1241K [0x04800000, 0x04d50000, 0x09d50000)
  eden space 4416K,  18% used [0x04800000, 0x048cdb48, 0x04c50000)
  from space 512K,  81% used [0x04cd0000, 0x04d388d8, 0x04d50000)
  to   space 512K,   0% used [0x04c50000, 0x04c50000, 0x04cd0000)
 tenured generation   total 10944K, used 6691K [0x09d50000, 0x0a800000, 0x14800000)
   the space 10944K,  61% used [0x09d50000, 0x0a3d8e38, 0x0a3d9000, 0x0a800000)
 Metaspace       used 10248K, capacity 10426K, committed 10496K, reserved 10624K

Card table byte_map: [0x046b0000,0x04740000] byte_map_base: 0x0468c000

Polling page: 0x001c0000

CodeCache: size=32768Kb used=1593Kb max_used=1593Kb free=31174Kb
 bounds [0x02630000, 0x027c0000, 0x04630000]
 total_blobs=870 nmethods=680 adapters=121
 compilation: enabled

Compilation events (10 events):
Event: 16.388 Thread 0x14e8e800  684             sun.misc.Resource::<init> (5 bytes)
Event: 16.388 Thread 0x14e8e800 nmethod 684 0x027bc9c8 code [0x027bcac0, 0x027bcb40]
Event: 16.388 Thread 0x14e8e800  685   !         sun.misc.URLClassPath$JarLoader::checkResource (55 bytes)
Event: 16.390 Thread 0x14e8e800 nmethod 685 0x027bcb88 code [0x027bccb0, 0x027bcf24]
Event: 16.391 Thread 0x14e8e800  686             sun.net.www.protocol.jar.Handler::parseContextSpec (154 bytes)
Event: 16.392 Thread 0x14e8e800 nmethod 686 0x027bd108 code [0x027bd340, 0x027bdb1c]
Event: 16.392 Thread 0x14e8e800  687             sun.misc.URLClassPath$JarLoader$2::<init> (26 bytes)
Event: 16.392 Thread 0x14e8e800 nmethod 687 0x027be488 code [0x027be580, 0x027be640]
Event: 16.400 Thread 0x14e8e800  688             java.util.regex.Pattern::peek (26 bytes)
Event: 16.400 Thread 0x14e8e800 nmethod 688 0x027be688 code [0x027be790, 0x027be86c]

GC Heap History (10 events):
Event: 3.056 GC heap before
{Heap before GC invocations=12 (full 0):
 def new generation   total 4928K, used 4927K [0x04800000, 0x04d50000, 0x09d50000)
  eden space 4416K, 100% used [0x04800000, 0x04c50000, 0x04c50000)
  from space 512K,  99% used [0x04c50000, 0x04ccfff8, 0x04cd0000)
  to   space 512K,   0% used [0x04cd0000, 0x04cd0000, 0x04d50000)
 tenured generation   total 10944K, used 6001K [0x09d50000, 0x0a800000, 0x14800000)
   the space 10944K,  54% used [0x09d50000, 0x0a32c648, 0x0a32c800, 0x0a800000)
 Metaspace       used 8963K, capacity 9154K, committed 9216K, reserved 9600K
Event: 3.059 GC heap after
Heap after GC invocations=13 (full 0):
 def new generation   total 4928K, used 511K [0x04800000, 0x04d50000, 0x09d50000)
  eden space 4416K,   0% used [0x04800000, 0x04800000, 0x04c50000)
  from space 512K,  99% used [0x04cd0000, 0x04d4fea0, 0x04d50000)
  to   space 512K,   0% used [0x04c50000, 0x04c50000, 0x04cd0000)
 tenured generation   total 10944K, used 6285K [0x09d50000, 0x0a800000, 0x14800000)
   the space 10944K,  57% used [0x09d50000, 0x0a373720, 0x0a373800, 0x0a800000)
 Metaspace       used 8963K, capacity 9154K, committed 9216K, reserved 9600K
}
Event: 4.661 GC heap before
{Heap before GC invocations=13 (full 0):
 def new generation   total 4928K, used 4927K [0x04800000, 0x04d50000, 0x09d50000)
  eden space 4416K, 100% used [0x04800000, 0x04c50000, 0x04c50000)
  from space 512K,  99% used [0x04cd0000, 0x04d4fea0, 0x04d50000)
  to   space 512K,   0% used [0x04c50000, 0x04c50000, 0x04cd0000)
 tenured generation   total 10944K, used 6285K [0x09d50000, 0x0a800000, 0x14800000)
   the space 10944K,  57% used [0x09d50000, 0x0a373720, 0x0a373800, 0x0a800000)
 Metaspace       used 9262K, capacity 9474K, committed 9600K, reserved 9600K
Event: 4.662 GC heap after
Heap after GC invocations=14 (full 0):
 def new generation   total 4928K, used 418K [0x04800000, 0x04d50000, 0x09d50000)
  eden space 4416K,   0% used [0x04800000, 0x04800000, 0x04c50000)
  from space 512K,  81% used [0x04c50000, 0x04cb8b28, 0x04cd0000)
  to   space 512K,   0% used [0x04cd0000, 0x04cd0000, 0x04d50000)
 tenured generation   total 10944K, used 6357K [0x09d50000, 0x0a800000, 0x14800000)
   the space 10944K,  58% used [0x09d50000, 0x0a385750, 0x0a385800, 0x0a800000)
 Metaspace       used 9262K, capacity 9474K, committed 9600K, reserved 9600K
}
Event: 15.942 GC heap before
{Heap before GC invocations=14 (full 0):
 def new generation   total 4928K, used 4834K [0x04800000, 0x04d50000, 0x09d50000)
  eden space 4416K, 100% used [0x04800000, 0x04c50000, 0x04c50000)
  from space 512K,  81% used [0x04c50000, 0x04cb8b28, 0x04cd0000)
  to   space 512K,   0% used [0x04cd0000, 0x04cd0000, 0x04d50000)
 tenured generation   total 10944K, used 6357K [0x09d50000, 0x0a800000, 0x14800000)
   the space 10944K,  58% used [0x09d50000, 0x0a385750, 0x0a385800, 0x0a800000)
 Metaspace       used 9538K, capacity 9701K, committed 9728K, reserved 10624K
Event: 15.944 GC heap after
Heap after GC invocations=15 (full 0):
 def new generation   total 4928K, used 454K [0x04800000, 0x04d50000, 0x09d50000)
  eden space 4416K,   0% used [0x04800000, 0x04800000, 0x04c50000)
  from space 512K,  88% used [0x04cd0000, 0x04d41ae8, 0x04d50000)
  to   space 512K,   0% used [0x04c50000, 0x04c50000, 0x04cd0000)
 tenured generation   total 10944K, used 6432K [0x09d50000, 0x0a800000, 0x14800000)
   the space 10944K,  58% used [0x09d50000, 0x0a398168, 0x0a398200, 0x0a800000)
 Metaspace       used 9538K, capacity 9701K, committed 9728K, reserved 10624K
}
Event: 16.069 GC heap before
{Heap before GC invocations=15 (full 0):
 def new generation   total 4928K, used 4870K [0x04800000, 0x04d50000, 0x09d50000)
  eden space 4416K, 100% used [0x04800000, 0x04c50000, 0x04c50000)
  from space 512K,  88% used [0x04cd0000, 0x04d41ae8, 0x04d50000)
  to   space 512K,   0% used [0x04c50000, 0x04c50000, 0x04cd0000)
 tenured generation   total 10944K, used 6432K [0x09d50000, 0x0a800000, 0x14800000)
   the space 10944K,  58% used [0x09d50000, 0x0a398168, 0x0a398200, 0x0a800000)
 Metaspace       used 9991K, capacity 10170K, committed 10240K, reserved 10624K
Event: 16.071 GC heap after
Heap after GC invocations=16 (full 0):
 def new generation   total 4928K, used 447K [0x04800000, 0x04d50000, 0x09d50000)
  eden space 4416K,   0% used [0x04800000, 0x04800000, 0x04c50000)
  from space 512K,  87% used [0x04c50000, 0x04cbfca8, 0x04cd0000)
  to   space 512K,   0% used [0x04cd0000, 0x04cd0000, 0x04d50000)
 tenured generation   total 10944K, used 6577K [0x09d50000, 0x0a800000, 0x14800000)
   the space 10944K,  60% used [0x09d50000, 0x0a3bc650, 0x0a3bc800, 0x0a800000)
 Metaspace       used 9991K, capacity 10170K, committed 10240K, reserved 10624K
}
Event: 16.388 GC heap before
{Heap before GC invocations=16 (full 0):
 def new generation   total 4928K, used 4863K [0x04800000, 0x04d50000, 0x09d50000)
  eden space 4416K, 100% used [0x04800000, 0x04c50000, 0x04c50000)
  from space 512K,  87% used [0x04c50000, 0x04cbfca8, 0x04cd0000)
  to   space 512K,   0% used [0x04cd0000, 0x04cd0000, 0x04d50000)
 tenured generation   total 10944K, used 6577K [0x09d50000, 0x0a800000, 0x14800000)
   the space 10944K,  60% used [0x09d50000, 0x0a3bc650, 0x0a3bc800, 0x0a800000)
 Metaspace       used 10228K, capacity 10426K, committed 10496K, reserved 10624K
Event: 16.390 GC heap after
Heap after GC invocations=17 (full 0):
 def new generation   total 4928K, used 418K [0x04800000, 0x04d50000, 0x09d50000)
  eden space 4416K,   0% used [0x04800000, 0x04800000, 0x04c50000)
  from space 512K,  81% used [0x04cd0000, 0x04d388d8, 0x04d50000)
  to   space 512K,   0% used [0x04c50000, 0x04c50000, 0x04cd0000)
 tenured generation   total 10944K, used 6691K [0x09d50000, 0x0a800000, 0x14800000)
   the space 10944K,  61% used [0x09d50000, 0x0a3d8e38, 0x0a3d9000, 0x0a800000)
 Metaspace       used 10228K, capacity 10426K, committed 10496K, reserved 10624K
}

Deoptimization events (0 events):
No events

Internal exceptions (10 events):
Event: 2.918 Thread 0x02283400 Exception <a 'java/lang/ArrayIndexOutOfBoundsException'> (0x049aeb58) thrown at [C:\workspace\8-2-build-windows-i586-cygwin\jdk8u121\8372\hotspot\src\share\vm\runtime\sharedRuntime.cpp, line 605]
Event: 2.929 Thread 0x02283400 Exception <a 'java/lang/ArrayIndexOutOfBoundsException'> (0x04a171d8) thrown at [C:\workspace\8-2-build-windows-i586-cygwin\jdk8u121\8372\hotspot\src\share\vm\runtime\sharedRuntime.cpp, line 605]
Event: 2.930 Thread 0x02283400 Exception <a 'java/lang/ArrayIndexOutOfBoundsException'> (0x04a1fa80) thrown at [C:\workspace\8-2-build-windows-i586-cygwin\jdk8u121\8372\hotspot\src\share\vm\runtime\sharedRuntime.cpp, line 605]
Event: 2.930 Thread 0x02283400 Exception <a 'java/lang/ArrayIndexOutOfBoundsException'> (0x04a21318) thrown at [C:\workspace\8-2-build-windows-i586-cygwin\jdk8u121\8372\hotspot\src\share\vm\runtime\sharedRuntime.cpp, line 605]
Event: 2.931 Thread 0x02283400 Exception <a 'java/lang/ArrayIndexOutOfBoundsException'> (0x04a29f40) thrown at [C:\workspace\8-2-build-windows-i586-cygwin\jdk8u121\8372\hotspot\src\share\vm\runtime\sharedRuntime.cpp, line 605]
Event: 11.238 Thread 0x02283400 Exception <a 'com/jacob/com/ComFailException'> (0x04bce010) thrown at [C:\workspace\8-2-build-windows-i586-cygwin\jdk8u121\8372\hotspot\src\share\vm\prims\jni.cpp, line 709]
Event: 15.282 Thread 0x02283400 Exception <a 'java/lang/NullPointerException'> (0x04bdb6b8) thrown at [C:\workspace\8-2-build-windows-i586-cygwin\jdk8u121\8372\hotspot\src\share\vm\interpreter\linkResolver.cpp, line 1280]
Event: 15.282 Thread 0x02283400 Exception <a 'java/lang/reflect/InvocationTargetException'> (0x04bdb8b8) thrown at [C:\workspace\8-2-build-windows-i586-cygwin\jdk8u121\8372\hotspot\src\share\vm\runtime\reflection.cpp, line 1092]
Event: 15.937 Thread 0x15e4ec00 Exception <a 'java/net/SocketTimeoutException': connect timed out> (0x04c358d0) thrown at [C:\workspace\8-2-build-windows-i586-cygwin\jdk8u121\8372\hotspot\src\share\vm\prims\jni.cpp, line 735]
Event: 16.066 Thread 0x02283400 Exception <a 'java/lang/UnsatisfiedLinkError': The specified procedure could not be found.
> (0x04c1c760) thrown at [C:\workspace\8-2-build-windows-i586-cygwin\jdk8u121\8372\hotspot\src\share\vm\prims\jni.cpp, line 735]

Events (10 events):
Event: 16.410 loading class org/testng/reporters/util/StackTraceTools
Event: 16.410 loading class org/testng/reporters/util/StackTraceTools done
Event: 16.411 loading class java/util/IdentityHashMap$KeyIterator
Event: 16.411 loading class java/util/IdentityHashMap$IdentityHashMapIterator
Event: 16.412 loading class java/util/IdentityHashMap$IdentityHashMapIterator done
Event: 16.412 loading class java/util/IdentityHashMap$KeyIterator done
Event: 16.412 Thread 0x15ea4000 Thread added: 0x15ea4000
Event: 16.412 Thread 0x15ea4000 Thread exited: 0x15ea4000
Event: 16.413 Thread 0x14e95000 Thread exited: 0x14e95000
Event: 16.413 Executing VM operation: Exit


Dynamic libraries:
0x00310000 - 0x00343000 	C:\Program Files (x86)\Java\jre1.8.0_121\bin\javaw.exe
0x77150000 - 0x772d0000 	C:\windows\SysWOW64\ntdll.dll
0x768e0000 - 0x769f0000 	C:\windows\syswow64\kernel32.dll
0x74b20000 - 0x74b67000 	C:\windows\syswow64\KERNELBASE.dll
0x74bf0000 - 0x74c90000 	C:\windows\syswow64\ADVAPI32.dll
0x75280000 - 0x7532c000 	C:\windows\syswow64\msvcrt.dll
0x75260000 - 0x75279000 	C:\windows\SysWOW64\sechost.dll
0x75850000 - 0x75940000 	C:\windows\syswow64\RPCRT4.dll
0x74ac0000 - 0x74b20000 	C:\windows\syswow64\SspiCli.dll
0x74ab0000 - 0x74abc000 	C:\windows\syswow64\CRYPTBASE.dll
0x76c50000 - 0x76d50000 	C:\windows\syswow64\USER32.dll
0x757b0000 - 0x75840000 	C:\windows\syswow64\GDI32.dll
0x76a00000 - 0x76a0a000 	C:\windows\syswow64\LPK.dll
0x76840000 - 0x768dd000 	C:\windows\syswow64\USP10.dll
0x6cda0000 - 0x6cf3e000 	C:\windows\WinSxS\x86_microsoft.windows.common-controls_6595b64144ccf1df_6.0.7601.17514_none_41e6975e2bd6f2b2\COMCTL32.dll
0x74ed0000 - 0x74f27000 	C:\windows\syswow64\SHLWAPI.dll
0x765e0000 - 0x76640000 	C:\windows\system32\IMM32.DLL
0x76a30000 - 0x76afc000 	C:\windows\syswow64\MSCTF.dll
0x73660000 - 0x7368c000 	C:\windows\SysWOW64\nvinit.dll
0x67e20000 - 0x67edf000 	C:\Program Files (x86)\Java\jre1.8.0_121\bin\msvcr100.dll
0x6c1b0000 - 0x6c57e000 	C:\Program Files (x86)\Java\jre1.8.0_121\bin\client\jvm.dll
0x72cc0000 - 0x72cc7000 	C:\windows\system32\WSOCK32.dll
0x76640000 - 0x76675000 	C:\windows\syswow64\WS2_32.dll
0x76b40000 - 0x76b46000 	C:\windows\syswow64\NSI.dll
0x6c750000 - 0x6c782000 	C:\windows\system32\WINMM.dll
0x739a0000 - 0x739a9000 	C:\windows\system32\VERSION.dll
0x754d0000 - 0x754d5000 	C:\windows\syswow64\PSAPI.DLL
0x717a0000 - 0x717ac000 	C:\Program Files (x86)\Java\jre1.8.0_121\bin\verify.dll
0x6cb30000 - 0x6cb51000 	C:\Program Files (x86)\Java\jre1.8.0_121\bin\java.dll
0x6c680000 - 0x6c6ad000 	C:\windows\system32\jvmhook.dll
0x766e0000 - 0x7683c000 	C:\windows\syswow64\ole32.dll
0x74de0000 - 0x74e6f000 	C:\windows\syswow64\OLEAUT32.dll
0x6dad0000 - 0x6db55000 	C:\windows\system32\MSVCP110.dll
0x6d9f0000 - 0x6dac6000 	C:\windows\system32\MSVCR110.dll
0x6fe60000 - 0x6fe73000 	C:\Program Files (x86)\Java\jre1.8.0_121\bin\zip.dll
0x75950000 - 0x7659b000 	C:\windows\syswow64\SHELL32.dll
0x76a20000 - 0x76a2b000 	C:\windows\syswow64\profapi.dll
0x6f250000 - 0x6f266000 	C:\Program Files (x86)\Java\jre1.8.0_121\bin\net.dll
0x73530000 - 0x7356c000 	C:\windows\system32\mswsock.dll
0x72a00000 - 0x72a06000 	C:\windows\System32\wship6.dll
0x73520000 - 0x73525000 	C:\windows\System32\wshtcpip.dll
0x6d320000 - 0x6d364000 	C:\windows\system32\DNSAPI.dll
0x73310000 - 0x7332c000 	C:\windows\system32\IPHLPAPI.DLL
0x73300000 - 0x73307000 	C:\windows\system32\WINNSI.DLL
0x6d050000 - 0x6d056000 	C:\windows\system32\rasadhlp.dll
0x72940000 - 0x72978000 	C:\windows\System32\fwpuclnt.dll
0x73500000 - 0x73516000 	C:\windows\system32\CRYPTSP.dll
0x734c0000 - 0x734fb000 	C:\windows\system32\rsaenh.dll
0x76b20000 - 0x76b37000 	C:\windows\syswow64\USERENV.dll
0x73330000 - 0x73342000 	C:\windows\system32\dhcpcsvc.DLL
0x732f0000 - 0x732fd000 	C:\windows\system32\dhcpcsvc6.DLL
0x50000000 - 0x5000f000 	C:\Program Files (x86)\Java\jre1.8.0_121\bin\nio.dll
0x6f970000 - 0x6f990000 	C:\Program Files (x86)\Java\jre1.8.0_121\bin\sunec.dll
0x6d2c0000 - 0x6d30c000 	C:\windows\system32\apphelp.dll
0x002b0000 - 0x002df000 	C:\Users\dhavalsh\Desktop\jacob-1.18\jacob-1.18-x86.dll
0x754e0000 - 0x75563000 	C:\windows\syswow64\CLBCatQ.DLL
0x72cd0000 - 0x72cde000 	C:\windows\system32\RpcRtRemote.dll
0x17130000 - 0x179b6000 	C:\PROGRA~2\HP\OTACLI~1.DLL
0x74f30000 - 0x75050000 	C:\windows\syswow64\CRYPT32.dll
0x75940000 - 0x7594c000 	C:\windows\syswow64\MSASN1.dll
0x15550000 - 0x155af000 	C:\windows\system32\SXS.DLL
0x17c00000 - 0x17d11000 	C:\ProgramData\HP\ALM-Client\12.50.1.0_952\WebClient.dll
0x75050000 - 0x7525d000 	C:\windows\syswow64\wininet.dll
0x76a10000 - 0x76a14000 	C:\windows\syswow64\api-ms-win-downlevel-user32-l1-1-0.dll
0x77120000 - 0x77124000 	C:\windows\syswow64\api-ms-win-downlevel-shlwapi-l1-1-0.dll
0x769f0000 - 0x769f4000 	C:\windows\syswow64\api-ms-win-downlevel-version-l1-1-0.dll
0x75840000 - 0x75843000 	C:\windows\syswow64\api-ms-win-downlevel-normaliz-l1-1-0.dll
0x765a0000 - 0x765a3000 	C:\windows\syswow64\normaliz.DLL
0x75570000 - 0x757a4000 	C:\windows\syswow64\iertutil.dll
0x76b10000 - 0x76b15000 	C:\windows\syswow64\api-ms-win-downlevel-advapi32-l1-1-0.dll
0x69b60000 - 0x69c58000 	C:\windows\system32\Cryptui.dll
0x72f20000 - 0x72f78000 	C:\windows\system32\winhttp.dll
0x72ed0000 - 0x72f1f000 	C:\windows\system32\webio.dll
0x60870000 - 0x60889000 	C:\windows\system32\olepro32.dll
0x6bd40000 - 0x6bd48000 	C:\windows\system32\Secur32.dll
0x72510000 - 0x72514000 	C:\windows\system32\api-ms-win-downlevel-advapi32-l2-1-0.dll
0x76b00000 - 0x76b04000 	C:\windows\syswow64\api-ms-win-downlevel-ole32-l1-1-0.dll
0x74c90000 - 0x74ddb000 	C:\windows\syswow64\urlmon.dll
0x68c70000 - 0x68c74000 	C:\windows\system32\api-ms-win-downlevel-shlwapi-l2-1-0.dll
0x6b8c0000 - 0x6b8c8000 	C:\windows\system32\credssp.dll
0x76680000 - 0x766a7000 	C:\windows\syswow64\CFGMGR32.dll
0x15450000 - 0x1548d000 	C:\Users\dhavalsh\AppData\Local\Temp\jna--1047879879\jna4711361515723700472.dll
0x6bf30000 - 0x6bf40000 	C:\windows\system32\NLAapi.dll
0x6bf20000 - 0x6bf30000 	C:\windows\system32\napinsp.dll
0x6bf00000 - 0x6bf12000 	C:\windows\system32\pnrpnsp.dll
0x6bef0000 - 0x6bef8000 	C:\windows\System32\winrnr.dll
0x6bee0000 - 0x6beed000 	C:\windows\system32\wshbth.dll
0x73570000 - 0x7365b000 	C:\windows\system32\dbghelp.dll

VM Arguments:
jvm_args: -agentlib:jvmhook -ea -Dfile.encoding=Cp1252 -Xrunjvmhook -Xbootclasspath/a:C:\Program Files (x86)\HP\Unified Functional Testing\bin\java_shared\classes;C:\Program Files (x86)\HP\Unified Functional Testing\bin\java_shared\classes\jasmine.jar 
java_command: org.testng.remote.RemoteTestNG -serport 49332 -protocol json -d C:\Users\dhavalsh\Desktop\eclipse\eclipse\workspace\Eifu_Aut\test-output C:\Users\dhavalsh\AppData\Local\Temp\testng-eclipse--219478876\testng-customsuite.xml
java_class_path (initial): C:\Users\dhavalsh\Desktop\eclipse\eclipse\plugins\org.testng.eclipse_6.10.0.201612030230\lib\testng-remote.jar;C:\Users\dhavalsh\Desktop\eclipse\eclipse\workspace\Eifu_Aut\target\test-classes;C:\Users\dhavalsh\Desktop\eclipse\eclipse\workspace\Eifu_Aut\target\classes;C:\Users\dhavalsh\git\SFDC-Test-Scripts\com.okta\target\classes;C:\Users\dhavalsh\git\SFDC-Test-Scripts\com.okta\target\test-classes;C:\Users\dhavalsh\.m2\repository\org\seleniumhq\selenium\selenium-java\3.0.1\selenium-java-3.0.1.jar;C:\Users\dhavalsh\.m2\repository\org\seleniumhq\selenium\selenium-chrome-driver\3.0.1\selenium-chrome-driver-3.0.1.jar;C:\Users\dhavalsh\.m2\repository\org\seleniumhq\selenium\selenium-remote-driver\3.0.1\selenium-remote-driver-3.0.1.jar;C:\Users\dhavalsh\.m2\repository\org\seleniumhq\selenium\selenium-api\3.0.1\selenium-api-3.0.1.jar;C:\Users\dhavalsh\.m2\repository\cglib\cglib-nodep\3.2.4\cglib-nodep-3.2.4.jar;C:\Users\dhavalsh\.m2\repository\org\apache\commons\commons-exec\1.3\commons-exec-1.3.jar;C:\Users\dhavalsh\.m2\repository\com\google\code\gson\gson\2.3.1\gson-2.3.1.jar;C:\Users\dhavalsh\.m2\repository\com\google\guava\guava\19.0\guava-19.0.jar;C:\Users\dhavalsh\.m2\repository\net\java\dev\jna\jna-platform\4.1.0\jna-platform-4.1.0.jar;C:\Users\dhavalsh\.m2\repository\net\java\dev\jna\jna\4.1.0\jna-4.1.0.jar;C:\Users\dhavalsh\.m2\repository\org\seleniumhq\selenium\selenium-edge-driver\3.0.1\selenium-edge-driver-3.0.1.jar;C:\Users\dhavalsh\.m2\repository\org\seleniumhq\selenium\selenium-firefox-driver\3.0.1\selenium-firefox-driver-3.0.1.jar;C:\Users\dhavalsh\.m2\repository\org\seleniumhq\selenium\selenium-ie-driver\3.0.1\selenium-ie-driver-3.0.1.jar;C:\Users\dhavalsh\.m2\repository\org\seleniumhq\selenium\selenium-opera-driver\3.0.1\selenium-opera-driver-3.0.1.jar;C:\Users\dhavalsh\.m2\repository\org\seleniumhq\selenium\selenium-safari-driver\3.0.1\selenium-safari-driver-3.0.1.jar;C:\Users\dhavalsh\.m2\repository\io\netty\netty\3.5.7.Fina
Launcher Type: SUN_STANDARD

Environment Variables:
JAVA_HOME=C:\Program Files\Java\jdk1.8.0_73;C:\geckodriver.exe
JAVA_TOOL_OPTIONS=-agentlib:jvmhook
_JAVA_OPTIONS=-Xrunjvmhook -Xbootclasspath/a:"C:\Program Files (x86)\HP\Unified Functional Testing\bin\java_shared\classes";"C:\Program Files (x86)\HP\Unified Functional Testing\bin\java_shared\classes\jasmine.jar"
USERNAME=DhavalSh
OS=Windows_NT
PROCESSOR_IDENTIFIER=Intel64 Family 6 Model 58 Stepping 9, GenuineIntel



---------------  S Y S T E M  ---------------

OS: Windows 7 , 64 bit Build 7601 (6.1.7601.18229)

CPU:total 4 (2 cores per cpu, 2 threads per core) family 6 model 58 stepping 9, cmov, cx8, fxsr, mmx, sse, sse2, sse3, ssse3, sse4.1, sse4.2, popcnt, avx, aes, clmul, erms, ht, tsc, tscinvbit, tscinv

Memory: 4k page, physical 8256676k(1743336k free), swap 16511496k(7805368k free)

vm_info: Java HotSpot(TM) Client VM (25.121-b13) for windows-x86 JRE (1.8.0_121-b13), built on Dec 12 2016 18:17:00 by "java_re" with MS VC++ 10.0 (VS2010)

time: Mon Feb 20 13:34:41 2017
elapsed time: 16 seconds (0d 0h 0m 16s)

