#
# A fatal error has been detected by the Java Runtime Environment:
#
#  EXCEPTION_ACCESS_VIOLATION (0xc0000005) at pc=0x172bb4e7, pid=6420, tid=0x00003208
#
# JRE version: Java(TM) SE Runtime Environment (8.0_121-b13) (build 1.8.0_121-b13)
# Java VM: Java HotSpot(TM) Client VM (25.121-b13 mixed mode windows-x86 )
# Problematic frame:
# C  [OTACLI~1.DLL+0x7b4e7]
#
# Failed to write core dump. Minidumps are not enabled by default on client versions of Windows
#
# If you would like to submit a bug report, please visit:
#   http://bugreport.java.com/bugreport/crash.jsp
#

---------------  T H R E A D  ---------------

Current thread (0x14e82000):  VMThread [stack: 0x048c0000,0x04910000] [id=12808]

siginfo: ExceptionCode=0xc0000005, reading address 0x17ca9af4

Registers:
EAX=0x00002088, EBX=0x170f1508, ECX=0x170e3e38, EDX=0x00490bbf
ESP=0x0490f4f0, EBP=0x0490f520, ESI=0x17ca9af4, EDI=0x00000000
EIP=0x172bb4e7, EFLAGS=0x00010202

Top of Stack: (sp=0x0490f4f0)
0x0490f4f0:   187315e8 1744ba70 187315e8 1744b927
0x0490f500:   788ac3fd 00000000 187315e0 170f1508
0x0490f510:   187315e8 0490f538 175cc4d6 00000000
0x0490f520:   0490f544 1745b683 788ac399 00000000
0x0490f530:   187315e0 170f1508 0490f584 175cf7e2
0x0490f540:   00000000 0490f590 17497190 187315e0
0x0490f550:   187315e0 17498c21 187315e0 17497c20
0x0490f560:   00000001 170f1350 755913e0 1745c01a 

Instructions: (pc=0x172bb4e7)
0x172bb4c7:   46 10 85 c0 74 06 8b 08 50 ff 51 08 8b 46 0c 85
0x172bb4d7:   c0 74 06 8b 08 50 ff 51 08 8b 76 04 85 f6 74 06
0x172bb4e7:   8b 06 56 ff 50 08 5e c3 51 80 7e 08 00 75 22 8b
0x172bb4f7:   46 0c 8b 48 0c 85 c9 74 0d 8b 01 ff 10 8b 40 04 


Register to memory mapping:

EAX=
[error occurred during error reporting (printing register info), id 0xc0000005]

Stack: [0x048c0000,0x04910000],  sp=0x0490f4f0,  free space=317k
Native frames: (J=compiled Java code, j=interpreted, Vv=VM code, C=native code)
C  [OTACLI~1.DLL+0x7b4e7]
C  [OTACLI~1.DLL+0x21b683]
C  [OTACLI~1.DLL+0x257190]
C  [OTACLI~1.DLL+0xdd442]
C  [OTACLI~1.DLL+0x56efc]
C  [OTACLI~1.DLL+0x209c44]
C  [OTACLI~1.DLL+0xc7393]
C  [OTACLI~1.DLL+0x36f4e8]
C  [OTACLI~1.DLL+0x36afc0]
C  [OTACLI~1.DLL+0x36b02b]
C  [ntdll.dll+0x399a0]
C  [ntdll.dll+0x4d702]
C  [ntdll.dll+0x4d5a4]
C  [kernel32.dll+0x179c5]
C  [msvcr100.dll+0x27997]
C  [msvcr100.dll+0x27ab0]
C  [msvcr100.dll+0x27b1d]
V  [jvm.dll+0x159492]
V  [jvm.dll+0x1830ad]
V  [jvm.dll+0x182511]
V  [jvm.dll+0x182927]
V  [jvm.dll+0x182b22]
V  [jvm.dll+0x1c2ae6]
C  [msvcr100.dll+0x5c556]
C  [msvcr100.dll+0x5c600]
C  [kernel32.dll+0x1336a]
C  [ntdll.dll+0x39f72]
C  [ntdll.dll+0x39f45]

VM_Operation (0x0088f870): Exit, mode: safepoint, requested by thread 0x00ce3400


---------------  P R O C E S S  ---------------

Java Threads: ( => current thread )
  0x15d90400 JavaThread "UrlChecker-2" daemon [_thread_blocked, id=7532, stack(0x16c10000,0x16c60000)]
  0x14ee5c00 JavaThread "Service Thread" daemon [_thread_blocked, id=13280, stack(0x01380000,0x013d0000)]
  0x14ec2000 JavaThread "C1 CompilerThread0" daemon [_thread_blocked, id=15164, stack(0x15340000,0x15390000)]
  0x14ebd400 JavaThread "Attach Listener" daemon [_thread_blocked, id=12816, stack(0x15060000,0x150b0000)]
  0x14eaf000 JavaThread "Finalizer" daemon [_thread_blocked, id=5628, stack(0x049b0000,0x04a00000)]
  0x14eaa400 JavaThread "Reference Handler" daemon [_thread_blocked, id=3984, stack(0x01330000,0x01380000)]
  0x00ce3400 JavaThread "main" [_thread_blocked, id=14844, stack(0x00840000,0x00890000)]

Other Threads:
=>0x14e82000 VMThread [stack: 0x048c0000,0x04910000] [id=12808]

VM state:at safepoint (shutting down)

VM Mutex/Monitor currently owned by a thread:  ([mutex/lock_event])
[0x00ce17c0] Threads_lock - owner thread: 0x14e82000

Heap:
 def new generation   total 4928K, used 1330K [0x04a00000, 0x04f50000, 0x09f50000)
  eden space 4416K,  20% used [0x04a00000, 0x04ae4600, 0x04e50000)
  from space 512K,  81% used [0x04ed0000, 0x04f38320, 0x04f50000)
  to   space 512K,   0% used [0x04e50000, 0x04e50000, 0x04ed0000)
 tenured generation   total 10944K, used 6686K [0x09f50000, 0x0aa00000, 0x14a00000)
   the space 10944K,  61% used [0x09f50000, 0x0a5d7850, 0x0a5d7a00, 0x0aa00000)
 Metaspace       used 10249K, capacity 10426K, committed 10496K, reserved 10624K

Card table byte_map: [0x01210000,0x012a0000] byte_map_base: 0x011eb000

Polling page: 0x00180000

CodeCache: size=32768Kb used=1592Kb max_used=1592Kb free=31175Kb
 bounds [0x02810000, 0x029a0000, 0x04810000]
 total_blobs=869 nmethods=679 adapters=121
 compilation: enabled

Compilation events (10 events):
Event: 15.574 Thread 0x14ec2000  683   !         sun.misc.URLClassPath$JarLoader::checkResource (55 bytes)
Event: 15.575 Thread 0x14ec2000 nmethod 683 0x0299c508 code [0x0299c630, 0x0299c8a4]
Event: 15.575 Thread 0x14ec2000  684             sun.net.www.protocol.jar.Handler::parseContextSpec (154 bytes)
Event: 15.576 Thread 0x14ec2000 nmethod 684 0x0299ca88 code [0x0299ccc0, 0x0299d49c]
Event: 15.576 Thread 0x14ec2000  685             sun.misc.URLClassPath$JarLoader$2::<init> (26 bytes)
Event: 15.576 Thread 0x14ec2000 nmethod 685 0x0299de08 code [0x0299df00, 0x0299dfc0]
Event: 15.588 Thread 0x14ec2000  686             java.lang.Character::isSurrogate (18 bytes)
Event: 15.588 Thread 0x14ec2000 nmethod 686 0x0299e008 code [0x0299e100, 0x0299e1a0]
Event: 15.590 Thread 0x14ec2000  687             java.util.regex.Pattern::peek (26 bytes)
Event: 15.591 Thread 0x14ec2000 nmethod 687 0x0299e208 code [0x0299e310, 0x0299e3ec]

GC Heap History (10 events):
Event: 2.770 GC heap before
{Heap before GC invocations=12 (full 0):
 def new generation   total 4928K, used 4927K [0x04a00000, 0x04f50000, 0x09f50000)
  eden space 4416K, 100% used [0x04a00000, 0x04e50000, 0x04e50000)
  from space 512K,  99% used [0x04e50000, 0x04ecfff8, 0x04ed0000)
  to   space 512K,   0% used [0x04ed0000, 0x04ed0000, 0x04f50000)
 tenured generation   total 10944K, used 6006K [0x09f50000, 0x0aa00000, 0x14a00000)
   the space 10944K,  54% used [0x09f50000, 0x0a52d9f0, 0x0a52da00, 0x0aa00000)
 Metaspace       used 8958K, capacity 9154K, committed 9216K, reserved 9600K
Event: 2.772 GC heap after
Heap after GC invocations=13 (full 0):
 def new generation   total 4928K, used 503K [0x04a00000, 0x04f50000, 0x09f50000)
  eden space 4416K,   0% used [0x04a00000, 0x04a00000, 0x04e50000)
  from space 512K,  98% used [0x04ed0000, 0x04f4dc88, 0x04f50000)
  to   space 512K,   0% used [0x04e50000, 0x04e50000, 0x04ed0000)
 tenured generation   total 10944K, used 6289K [0x09f50000, 0x0aa00000, 0x14a00000)
   the space 10944K,  57% used [0x09f50000, 0x0a574410, 0x0a574600, 0x0aa00000)
 Metaspace       used 8958K, capacity 9154K, committed 9216K, reserved 9600K
}
Event: 4.780 GC heap before
{Heap before GC invocations=13 (full 0):
 def new generation   total 4928K, used 4919K [0x04a00000, 0x04f50000, 0x09f50000)
  eden space 4416K, 100% used [0x04a00000, 0x04e50000, 0x04e50000)
  from space 512K,  98% used [0x04ed0000, 0x04f4dc88, 0x04f50000)
  to   space 512K,   0% used [0x04e50000, 0x04e50000, 0x04ed0000)
 tenured generation   total 10944K, used 6289K [0x09f50000, 0x0aa00000, 0x14a00000)
   the space 10944K,  57% used [0x09f50000, 0x0a574410, 0x0a574600, 0x0aa00000)
 Metaspace       used 9256K, capacity 9474K, committed 9600K, reserved 9600K
Event: 4.781 GC heap after
Heap after GC invocations=14 (full 0):
 def new generation   total 4928K, used 423K [0x04a00000, 0x04f50000, 0x09f50000)
  eden space 4416K,   0% used [0x04a00000, 0x04a00000, 0x04e50000)
  from space 512K,  82% used [0x04e50000, 0x04eb9e50, 0x04ed0000)
  to   space 512K,   0% used [0x04ed0000, 0x04ed0000, 0x04f50000)
 tenured generation   total 10944K, used 6353K [0x09f50000, 0x0aa00000, 0x14a00000)
   the space 10944K,  58% used [0x09f50000, 0x0a5846d0, 0x0a584800, 0x0aa00000)
 Metaspace       used 9256K, capacity 9474K, committed 9600K, reserved 9600K
}
Event: 15.080 GC heap before
{Heap before GC invocations=14 (full 0):
 def new generation   total 4928K, used 4839K [0x04a00000, 0x04f50000, 0x09f50000)
  eden space 4416K, 100% used [0x04a00000, 0x04e50000, 0x04e50000)
  from space 512K,  82% used [0x04e50000, 0x04eb9e50, 0x04ed0000)
  to   space 512K,   0% used [0x04ed0000, 0x04ed0000, 0x04f50000)
 tenured generation   total 10944K, used 6353K [0x09f50000, 0x0aa00000, 0x14a00000)
   the space 10944K,  58% used [0x09f50000, 0x0a5846d0, 0x0a584800, 0x0aa00000)
 Metaspace       used 9537K, capacity 9701K, committed 9728K, reserved 10624K
Event: 15.082 GC heap after
Heap after GC invocations=15 (full 0):
 def new generation   total 4928K, used 457K [0x04a00000, 0x04f50000, 0x09f50000)
  eden space 4416K,   0% used [0x04a00000, 0x04a00000, 0x04e50000)
  from space 512K,  89% used [0x04ed0000, 0x04f42478, 0x04f50000)
  to   space 512K,   0% used [0x04e50000, 0x04e50000, 0x04ed0000)
 tenured generation   total 10944K, used 6426K [0x09f50000, 0x0aa00000, 0x14a00000)
   the space 10944K,  58% used [0x09f50000, 0x0a596b10, 0x0a596c00, 0x0aa00000)
 Metaspace       used 9537K, capacity 9701K, committed 9728K, reserved 10624K
}
Event: 15.203 GC heap before
{Heap before GC invocations=15 (full 0):
 def new generation   total 4928K, used 4873K [0x04a00000, 0x04f50000, 0x09f50000)
  eden space 4416K, 100% used [0x04a00000, 0x04e50000, 0x04e50000)
  from space 512K,  89% used [0x04ed0000, 0x04f42478, 0x04f50000)
  to   space 512K,   0% used [0x04e50000, 0x04e50000, 0x04ed0000)
 tenured generation   total 10944K, used 6426K [0x09f50000, 0x0aa00000, 0x14a00000)
   the space 10944K,  58% used [0x09f50000, 0x0a596b10, 0x0a596c00, 0x0aa00000)
 Metaspace       used 9990K, capacity 10170K, committed 10240K, reserved 10624K
Event: 15.204 GC heap after
Heap after GC invocations=16 (full 0):
 def new generation   total 4928K, used 436K [0x04a00000, 0x04f50000, 0x09f50000)
  eden space 4416K,   0% used [0x04a00000, 0x04a00000, 0x04e50000)
  from space 512K,  85% used [0x04e50000, 0x04ebd3e0, 0x04ed0000)
  to   space 512K,   0% used [0x04ed0000, 0x04ed0000, 0x04f50000)
 tenured generation   total 10944K, used 6572K [0x09f50000, 0x0aa00000, 0x14a00000)
   the space 10944K,  60% used [0x09f50000, 0x0a5bb068, 0x0a5bb200, 0x0aa00000)
 Metaspace       used 9990K, capacity 10170K, committed 10240K, reserved 10624K
}
Event: 15.576 GC heap before
{Heap before GC invocations=16 (full 0):
 def new generation   total 4928K, used 4852K [0x04a00000, 0x04f50000, 0x09f50000)
  eden space 4416K, 100% used [0x04a00000, 0x04e50000, 0x04e50000)
  from space 512K,  85% used [0x04e50000, 0x04ebd3e0, 0x04ed0000)
  to   space 512K,   0% used [0x04ed0000, 0x04ed0000, 0x04f50000)
 tenured generation   total 10944K, used 6572K [0x09f50000, 0x0aa00000, 0x14a00000)
   the space 10944K,  60% used [0x09f50000, 0x0a5bb068, 0x0a5bb200, 0x0aa00000)
 Metaspace       used 10227K, capacity 10426K, committed 10496K, reserved 10624K
Event: 15.578 GC heap after
Heap after GC invocations=17 (full 0):
 def new generation   total 4928K, used 416K [0x04a00000, 0x04f50000, 0x09f50000)
  eden space 4416K,   0% used [0x04a00000, 0x04a00000, 0x04e50000)
  from space 512K,  81% used [0x04ed0000, 0x04f38320, 0x04f50000)
  to   space 512K,   0% used [0x04e50000, 0x04e50000, 0x04ed0000)
 tenured generation   total 10944K, used 6686K [0x09f50000, 0x0aa00000, 0x14a00000)
   the space 10944K,  61% used [0x09f50000, 0x0a5d7850, 0x0a5d7a00, 0x0aa00000)
 Metaspace       used 10227K, capacity 10426K, committed 10496K, reserved 10624K
}

Deoptimization events (0 events):
No events

Internal exceptions (10 events):
Event: 2.635 Thread 0x00ce3400 Exception <a 'java/lang/ArrayIndexOutOfBoundsException'> (0x04c25680) thrown at [C:\workspace\8-2-build-windows-i586-cygwin\jdk8u121\8372\hotspot\src\share\vm\runtime\sharedRuntime.cpp, line 605]
Event: 2.636 Thread 0x00ce3400 Exception <a 'java/lang/ArrayIndexOutOfBoundsException'> (0x04c2dec0) thrown at [C:\workspace\8-2-build-windows-i586-cygwin\jdk8u121\8372\hotspot\src\share\vm\runtime\sharedRuntime.cpp, line 605]
Event: 2.636 Thread 0x00ce3400 Exception <a 'java/lang/ArrayIndexOutOfBoundsException'> (0x04c2f758) thrown at [C:\workspace\8-2-build-windows-i586-cygwin\jdk8u121\8372\hotspot\src\share\vm\runtime\sharedRuntime.cpp, line 605]
Event: 2.637 Thread 0x00ce3400 Exception <a 'java/lang/ArrayIndexOutOfBoundsException'> (0x04c38380) thrown at [C:\workspace\8-2-build-windows-i586-cygwin\jdk8u121\8372\hotspot\src\share\vm\runtime\sharedRuntime.cpp, line 605]
Event: 11.296 Thread 0x00ce3400 Exception <a 'com/jacob/com/ComFailException'> (0x04dd0500) thrown at [C:\workspace\8-2-build-windows-i586-cygwin\jdk8u121\8372\hotspot\src\share\vm\prims\jni.cpp, line 709]
Event: 14.432 Thread 0x00ce3400 Exception <a 'java/lang/NullPointerException'> (0x04dddb60) thrown at [C:\workspace\8-2-build-windows-i586-cygwin\jdk8u121\8372\hotspot\src\share\vm\interpreter\linkResolver.cpp, line 1280]
Event: 14.432 Thread 0x00ce3400 Exception <a 'java/lang/reflect/InvocationTargetException'> (0x04dddd60) thrown at [C:\workspace\8-2-build-windows-i586-cygwin\jdk8u121\8372\hotspot\src\share\vm\runtime\reflection.cpp, line 1092]
Event: 15.078 Thread 0x15d90400 Exception <a 'java/net/SocketTimeoutException': connect timed out> (0x04e42558) thrown at [C:\workspace\8-2-build-windows-i586-cygwin\jdk8u121\8372\hotspot\src\share\vm\prims\jni.cpp, line 735]
Event: 15.200 Thread 0x00ce3400 Exception <a 'java/lang/UnsatisfiedLinkError': The specified procedure could not be found.
> (0x04e1e900) thrown at [C:\workspace\8-2-build-windows-i586-cygwin\jdk8u121\8372\hotspot\src\share\vm\prims\jni.cpp, line 735]
Event: 15.602 Thread 0x15b0c800 Exception <a 'java/net/SocketException': Socket closed> (0x04adc038) thrown at [C:\workspace\8-2-build-windows-i586-cygwin\jdk8u121\8372\hotspot\src\share\vm\prims\jni.cpp, line 735]

Events (10 events):
Event: 15.602 loading class sun/net/ConnectionResetException done
Event: 15.602 Thread 0x15b0c800 Thread exited: 0x15b0c800
Event: 15.602 loading class java/util/IdentityHashMap$KeyIterator
Event: 15.602 loading class java/util/IdentityHashMap$IdentityHashMapIterator
Event: 15.602 loading class java/util/IdentityHashMap$IdentityHashMapIterator done
Event: 15.602 loading class java/util/IdentityHashMap$KeyIterator done
Event: 15.603 Thread 0x15b0c800 Thread added: 0x15b0c800
Event: 15.618 Thread 0x15b0c800 Thread exited: 0x15b0c800
Event: 15.627 Thread 0x14eb2000 Thread exited: 0x14eb2000
Event: 15.627 Executing VM operation: Exit


Dynamic libraries:
0x013d0000 - 0x01403000 	C:\Program Files (x86)\Java\jre1.8.0_121\bin\javaw.exe
0x779f0000 - 0x77b70000 	C:\windows\SysWOW64\ntdll.dll
0x75580000 - 0x75690000 	C:\windows\syswow64\kernel32.dll
0x753e0000 - 0x75427000 	C:\windows\syswow64\KERNELBASE.dll
0x75690000 - 0x75730000 	C:\windows\syswow64\ADVAPI32.dll
0x77240000 - 0x772ec000 	C:\windows\syswow64\msvcrt.dll
0x75470000 - 0x75489000 	C:\windows\SysWOW64\sechost.dll
0x75f80000 - 0x76070000 	C:\windows\syswow64\RPCRT4.dll
0x75360000 - 0x753c0000 	C:\windows\syswow64\SspiCli.dll
0x75350000 - 0x7535c000 	C:\windows\syswow64\CRYPTBASE.dll
0x76080000 - 0x76180000 	C:\windows\syswow64\USER32.dll
0x75e80000 - 0x75f10000 	C:\windows\syswow64\GDI32.dll
0x75970000 - 0x7597a000 	C:\windows\syswow64\LPK.dll
0x754e0000 - 0x7557d000 	C:\windows\syswow64\USP10.dll
0x6ea50000 - 0x6ebee000 	C:\windows\WinSxS\x86_microsoft.windows.common-controls_6595b64144ccf1df_6.0.7601.17514_none_41e6975e2bd6f2b2\COMCTL32.dll
0x77590000 - 0x775e7000 	C:\windows\syswow64\SHLWAPI.dll
0x75f10000 - 0x75f70000 	C:\windows\system32\IMM32.DLL
0x75c30000 - 0x75cfc000 	C:\windows\syswow64\MSCTF.dll
0x74450000 - 0x7447c000 	C:\windows\SysWOW64\nvinit.dll
0x78a00000 - 0x78abf000 	C:\Program Files (x86)\Java\jre1.8.0_121\bin\msvcr100.dll
0x6d080000 - 0x6d44e000 	C:\Program Files (x86)\Java\jre1.8.0_121\bin\client\jvm.dll
0x71900000 - 0x71907000 	C:\windows\system32\WSOCK32.dll
0x75a20000 - 0x75a55000 	C:\windows\syswow64\WS2_32.dll
0x76180000 - 0x76186000 	C:\windows\syswow64\NSI.dll
0x6e7d0000 - 0x6e802000 	C:\windows\system32\WINMM.dll
0x745b0000 - 0x745b9000 	C:\windows\system32\VERSION.dll
0x75440000 - 0x75445000 	C:\windows\syswow64\PSAPI.DLL
0x6f610000 - 0x6f61c000 	C:\Program Files (x86)\Java\jre1.8.0_121\bin\verify.dll
0x6da20000 - 0x6da41000 	C:\Program Files (x86)\Java\jre1.8.0_121\bin\java.dll
0x6e1e0000 - 0x6e20d000 	C:\windows\system32\jvmhook.dll
0x75ac0000 - 0x75c1c000 	C:\windows\syswow64\ole32.dll
0x75730000 - 0x757bf000 	C:\windows\syswow64\OLEAUT32.dll
0x6f450000 - 0x6f4d5000 	C:\windows\system32\MSVCP110.dll
0x6f370000 - 0x6f446000 	C:\windows\system32\MSVCR110.dll
0x6fde0000 - 0x6fdf3000 	C:\Program Files (x86)\Java\jre1.8.0_121\bin\zip.dll
0x765f0000 - 0x7723b000 	C:\windows\syswow64\SHELL32.dll
0x754d0000 - 0x754db000 	C:\windows\syswow64\profapi.dll
0x6f4f0000 - 0x6f506000 	C:\Program Files (x86)\Java\jre1.8.0_121\bin\net.dll
0x73db0000 - 0x73dec000 	C:\windows\system32\mswsock.dll
0x73760000 - 0x73766000 	C:\windows\System32\wship6.dll
0x74440000 - 0x74445000 	C:\windows\System32\wshtcpip.dll
0x6ef90000 - 0x6efd4000 	C:\windows\system32\DNSAPI.dll
0x73ba0000 - 0x73bbc000 	C:\windows\system32\IPHLPAPI.DLL
0x74430000 - 0x74437000 	C:\windows\system32\WINNSI.DLL
0x6ec70000 - 0x6ec76000 	C:\windows\system32\rasadhlp.dll
0x73720000 - 0x73758000 	C:\windows\System32\fwpuclnt.dll
0x73d90000 - 0x73da6000 	C:\windows\system32\CRYPTSP.dll
0x73d50000 - 0x73d8b000 	C:\windows\system32\rsaenh.dll
0x75450000 - 0x75467000 	C:\windows\syswow64\USERENV.dll
0x73bc0000 - 0x73bd2000 	C:\windows\system32\dhcpcsvc.DLL
0x73b90000 - 0x73b9d000 	C:\windows\system32\dhcpcsvc6.DLL
0x6fcc0000 - 0x6fccf000 	C:\Program Files (x86)\Java\jre1.8.0_121\bin\nio.dll
0x00230000 - 0x00250000 	C:\Program Files (x86)\Java\jre1.8.0_121\bin\sunec.dll
0x6ef30000 - 0x6ef7c000 	C:\windows\system32\apphelp.dll
0x012a0000 - 0x012cf000 	C:\jacob-1.18\jacob-1.18-x86.dll
0x772f0000 - 0x77373000 	C:\windows\syswow64\CLBCatQ.DLL
0x73520000 - 0x7352e000 	C:\windows\system32\RpcRtRemote.dll
0x17240000 - 0x17ac6000 	C:\PROGRA~2\HP\OTACLI~1.DLL
0x75850000 - 0x75970000 	C:\windows\syswow64\CRYPT32.dll
0x76070000 - 0x7607c000 	C:\windows\syswow64\MSASN1.dll
0x153f0000 - 0x1544f000 	C:\windows\system32\SXS.DLL
0x17b80000 - 0x17c91000 	C:\ProgramData\HP\ALM-Client\12.50.1.0_952\WebClient.dll
0x77380000 - 0x7758d000 	C:\windows\syswow64\wininet.dll
0x75f70000 - 0x75f74000 	C:\windows\syswow64\api-ms-win-downlevel-user32-l1-1-0.dll
0x75490000 - 0x75494000 	C:\windows\syswow64\api-ms-win-downlevel-shlwapi-l1-1-0.dll
0x779c0000 - 0x779c4000 	C:\windows\syswow64\api-ms-win-downlevel-version-l1-1-0.dll
0x75c20000 - 0x75c23000 	C:\windows\syswow64\api-ms-win-downlevel-normaliz-l1-1-0.dll
0x753c0000 - 0x753c3000 	C:\windows\syswow64\normaliz.DLL
0x763b0000 - 0x765e4000 	C:\windows\syswow64\iertutil.dll
0x753d0000 - 0x753d5000 	C:\windows\syswow64\api-ms-win-downlevel-advapi32-l1-1-0.dll
0x62150000 - 0x62248000 	C:\windows\system32\Cryptui.dll
0x737c0000 - 0x73818000 	C:\windows\system32\winhttp.dll
0x73770000 - 0x737bf000 	C:\windows\system32\webio.dll
0x63a30000 - 0x63a49000 	C:\windows\system32\olepro32.dll
0x6d510000 - 0x6d518000 	C:\windows\system32\Secur32.dll
0x6b790000 - 0x6b794000 	C:\windows\system32\api-ms-win-downlevel-advapi32-l2-1-0.dll
0x75430000 - 0x75434000 	C:\windows\syswow64\api-ms-win-downlevel-ole32-l1-1-0.dll
0x75d00000 - 0x75e4b000 	C:\windows\syswow64\urlmon.dll
0x6b5b0000 - 0x6b5b4000 	C:\windows\system32\api-ms-win-downlevel-shlwapi-l2-1-0.dll
0x6d500000 - 0x6d508000 	C:\windows\system32\credssp.dll
0x754a0000 - 0x754c7000 	C:\windows\syswow64\CFGMGR32.dll
0x00890000 - 0x008cd000 	C:\Users\dhavalsh\AppData\Local\Temp\jna--1047879879\jna7008152835197216090.dll
0x6db60000 - 0x6db70000 	C:\windows\system32\NLAapi.dll
0x6db50000 - 0x6db60000 	C:\windows\system32\napinsp.dll
0x6db30000 - 0x6db42000 	C:\windows\system32\pnrpnsp.dll
0x6db20000 - 0x6db28000 	C:\windows\System32\winrnr.dll
0x6db10000 - 0x6db1d000 	C:\windows\system32\wshbth.dll
0x73df0000 - 0x73edb000 	C:\windows\system32\dbghelp.dll

VM Arguments:
jvm_args: -agentlib:jvmhook -ea -Dfile.encoding=Cp1252 -Xrunjvmhook -Xbootclasspath/a:C:\Program Files (x86)\HP\Unified Functional Testing\bin\java_shared\classes;C:\Program Files (x86)\HP\Unified Functional Testing\bin\java_shared\classes\jasmine.jar 
java_command: org.testng.remote.RemoteTestNG -serport 55338 -protocol json -d C:\Users\dhavalsh\Desktop\eclipse\eclipse\workspace\Eifu_Aut\test-output C:\Users\dhavalsh\AppData\Local\Temp\testng-eclipse--867690112\testng-customsuite.xml
java_class_path (initial): C:\Users\dhavalsh\Desktop\eclipse\eclipse\plugins\org.testng.eclipse_6.10.0.201612030230\lib\testng-remote.jar;C:\Users\dhavalsh\Desktop\eclipse\eclipse\workspace\Eifu_Aut\target\test-classes;C:\Users\dhavalsh\Desktop\eclipse\eclipse\workspace\Eifu_Aut\target\classes;C:\Users\dhavalsh\git\SFDC-Test-Scripts\com.okta\target\classes;C:\Users\dhavalsh\git\SFDC-Test-Scripts\com.okta\target\test-classes;C:\Users\dhavalsh\.m2\repository\org\seleniumhq\selenium\selenium-java\3.0.1\selenium-java-3.0.1.jar;C:\Users\dhavalsh\.m2\repository\org\seleniumhq\selenium\selenium-chrome-driver\3.0.1\selenium-chrome-driver-3.0.1.jar;C:\Users\dhavalsh\.m2\repository\org\seleniumhq\selenium\selenium-remote-driver\3.0.1\selenium-remote-driver-3.0.1.jar;C:\Users\dhavalsh\.m2\repository\org\seleniumhq\selenium\selenium-api\3.0.1\selenium-api-3.0.1.jar;C:\Users\dhavalsh\.m2\repository\cglib\cglib-nodep\3.2.4\cglib-nodep-3.2.4.jar;C:\Users\dhavalsh\.m2\repository\org\apache\commons\commons-exec\1.3\commons-exec-1.3.jar;C:\Users\dhavalsh\.m2\repository\com\google\code\gson\gson\2.3.1\gson-2.3.1.jar;C:\Users\dhavalsh\.m2\repository\com\google\guava\guava\19.0\guava-19.0.jar;C:\Users\dhavalsh\.m2\repository\net\java\dev\jna\jna-platform\4.1.0\jna-platform-4.1.0.jar;C:\Users\dhavalsh\.m2\repository\net\java\dev\jna\jna\4.1.0\jna-4.1.0.jar;C:\Users\dhavalsh\.m2\repository\org\seleniumhq\selenium\selenium-edge-driver\3.0.1\selenium-edge-driver-3.0.1.jar;C:\Users\dhavalsh\.m2\repository\org\seleniumhq\selenium\selenium-firefox-driver\3.0.1\selenium-firefox-driver-3.0.1.jar;C:\Users\dhavalsh\.m2\repository\org\seleniumhq\selenium\selenium-ie-driver\3.0.1\selenium-ie-driver-3.0.1.jar;C:\Users\dhavalsh\.m2\repository\org\seleniumhq\selenium\selenium-opera-driver\3.0.1\selenium-opera-driver-3.0.1.jar;C:\Users\dhavalsh\.m2\repository\org\seleniumhq\selenium\selenium-safari-driver\3.0.1\selenium-safari-driver-3.0.1.jar;C:\Users\dhavalsh\.m2\repository\io\netty\netty\3.5.7.Fina
Launcher Type: SUN_STANDARD

Environment Variables:
JAVA_HOME=C:\Program Files\Java\jdk1.8.0_73;C:\geckodriver.exe
JAVA_TOOL_OPTIONS=-agentlib:jvmhook
_JAVA_OPTIONS=-Xrunjvmhook -Xbootclasspath/a:"C:\Program Files (x86)\HP\Unified Functional Testing\bin\java_shared\classes";"C:\Program Files (x86)\HP\Unified Functional Testing\bin\java_shared\classes\jasmine.jar"
USERNAME=DhavalSh
OS=Windows_NT
PROCESSOR_IDENTIFIER=Intel64 Family 6 Model 58 Stepping 9, GenuineIntel



---------------  S Y S T E M  ---------------

OS: Windows 7 , 64 bit Build 7601 (6.1.7601.18229)

CPU:total 4 (2 cores per cpu, 2 threads per core) family 6 model 58 stepping 9, cmov, cx8, fxsr, mmx, sse, sse2, sse3, ssse3, sse4.1, sse4.2, popcnt, avx, aes, clmul, erms, ht, tsc, tscinvbit, tscinv

Memory: 4k page, physical 8256676k(1238544k free), swap 16511496k(6907824k free)

vm_info: Java HotSpot(TM) Client VM (25.121-b13) for windows-x86 JRE (1.8.0_121-b13), built on Dec 12 2016 18:17:00 by "java_re" with MS VC++ 10.0 (VS2010)

time: Sun Feb 19 10:44:31 2017
elapsed time: 15 seconds (0d 0h 0m 15s)

