#
# A fatal error has been detected by the Java Runtime Environment:
#
#  EXCEPTION_ACCESS_VIOLATION (0xc0000005) at pc=0x1727b4e7, pid=15124, tid=0x00000b20
#
# JRE version: Java(TM) SE Runtime Environment (8.0_121-b13) (build 1.8.0_121-b13)
# Java VM: Java HotSpot(TM) Client VM (25.121-b13 mixed mode windows-x86 )
# Problematic frame:
# C  [OTACLI~1.DLL+0x7b4e7]
#
# Failed to write core dump. Minidumps are not enabled by default on client versions of Windows
#
# If you would like to submit a bug report, please visit:
#   http://bugreport.java.com/bugreport/crash.jsp
#

---------------  T H R E A D  ---------------

Current thread (0x14e82000):  VMThread [stack: 0x048e0000,0x04930000] [id=2848]

siginfo: ExceptionCode=0xc0000005, reading address 0x17cc9af4

Registers:
EAX=0x00002088, EBX=0x17ac1508, ECX=0x17ab3e38, EDX=0x000a0b6d
ESP=0x0492f310, EBP=0x0492f340, ESI=0x17cc9af4, EDI=0x00000000
EIP=0x1727b4e7, EFLAGS=0x00010202

Top of Stack: (sp=0x0492f310)
0x0492f310:   18844a48 1740ba70 18844a48 1740b927
0x0492f320:   2c67797c 00000000 18844a40 17ac1508
0x0492f330:   18844a48 0492f358 1758c4d6 00000000
0x0492f340:   0492f364 1741b683 2c677958 00000000
0x0492f350:   18844a40 17ac1508 0492f3a4 1758f7e2
0x0492f360:   00000000 0492f3b0 17457190 18844a40
0x0492f370:   18844a40 17458c21 18844a40 17457c20
0x0492f380:   00000001 17ac1350 755913e0 1741c01a 

Instructions: (pc=0x1727b4e7)
0x1727b4c7:   46 10 85 c0 74 06 8b 08 50 ff 51 08 8b 46 0c 85
0x1727b4d7:   c0 74 06 8b 08 50 ff 51 08 8b 76 04 85 f6 74 06
0x1727b4e7:   8b 06 56 ff 50 08 5e c3 51 80 7e 08 00 75 22 8b
0x1727b4f7:   46 0c 8b 48 0c 85 c9 74 0d 8b 01 ff 10 8b 40 04 


Register to memory mapping:

EAX=
[error occurred during error reporting (printing register info), id 0xc0000005]

Stack: [0x048e0000,0x04930000],  sp=0x0492f310,  free space=316k
Native frames: (J=compiled Java code, j=interpreted, Vv=VM code, C=native code)
C  [OTACLI~1.DLL+0x7b4e7]
C  [OTACLI~1.DLL+0x21b683]
C  [OTACLI~1.DLL+0x257190]
C  [OTACLI~1.DLL+0xdd442]
C  [OTACLI~1.DLL+0x56efc]
C  [OTACLI~1.DLL+0x209c44]
C  [OTACLI~1.DLL+0xc7393]
C  [OTACLI~1.DLL+0x36f4e8]
C  [OTACLI~1.DLL+0x36afc0]
C  [OTACLI~1.DLL+0x36b02b]
C  [ntdll.dll+0x399a0]
C  [ntdll.dll+0x4d702]
C  [ntdll.dll+0x4d5a4]
C  [kernel32.dll+0x179c5]
C  [msvcr100.dll+0x27997]
C  [msvcr100.dll+0x27ab0]
C  [msvcr100.dll+0x27b1d]
V  [jvm.dll+0x159492]
V  [jvm.dll+0x1830ad]
V  [jvm.dll+0x182511]
V  [jvm.dll+0x182927]
V  [jvm.dll+0x182b22]
V  [jvm.dll+0x1c2ae6]
C  [msvcr100.dll+0x5c556]
C  [msvcr100.dll+0x5c600]
C  [kernel32.dll+0x1336a]
C  [ntdll.dll+0x39f72]
C  [ntdll.dll+0x39f45]

VM_Operation (0x00eef490): Exit, mode: safepoint, requested by thread 0x00ce3400


---------------  P R O C E S S  ---------------

Java Threads: ( => current thread )
  0x15dfe400 JavaThread "UrlChecker-2" daemon [_thread_blocked, id=14848, stack(0x16aa0000,0x16af0000)]
  0x14ee5c00 JavaThread "Service Thread" daemon [_thread_blocked, id=11912, stack(0x15350000,0x153a0000)]
  0x14ec2000 JavaThread "C1 CompilerThread0" daemon [_thread_blocked, id=4092, stack(0x153c0000,0x15410000)]
  0x14ebd400 JavaThread "Attach Listener" daemon [_thread_blocked, id=9652, stack(0x15160000,0x151b0000)]
  0x14eb2000 JavaThread "Signal Dispatcher" daemon [_thread_blocked, id=5892, stack(0x01290000,0x012e0000)]
  0x14eaf000 JavaThread "Finalizer" daemon [_thread_blocked, id=5368, stack(0x15060000,0x150b0000)]
  0x14eaa400 JavaThread "Reference Handler" daemon [_thread_blocked, id=8880, stack(0x150c0000,0x15110000)]
  0x00ce3400 JavaThread "main" [_thread_blocked, id=15080, stack(0x00ea0000,0x00ef0000)]

Other Threads:
=>0x14e82000 VMThread [stack: 0x048e0000,0x04930000] [id=2848]

VM state:at safepoint (shutting down)

VM Mutex/Monitor currently owned by a thread:  ([mutex/lock_event])
[0x00ce17c0] Threads_lock - owner thread: 0x14e82000

Heap:
 def new generation   total 4928K, used 1253K [0x04a00000, 0x04f50000, 0x09f50000)
  eden space 4416K,  18% used [0x04a00000, 0x04ad0c10, 0x04e50000)
  from space 512K,  81% used [0x04ed0000, 0x04f38810, 0x04f50000)
  to   space 512K,   0% used [0x04e50000, 0x04e50000, 0x04ed0000)
 tenured generation   total 10944K, used 6670K [0x09f50000, 0x0aa00000, 0x14a00000)
   the space 10944K,  60% used [0x09f50000, 0x0a5d3918, 0x0a5d3a00, 0x0aa00000)
 Metaspace       used 10248K, capacity 10426K, committed 10496K, reserved 10624K

Card table byte_map: [0x011c0000,0x01250000] byte_map_base: 0x0119b000

Polling page: 0x001d0000

CodeCache: size=32768Kb used=1591Kb max_used=1591Kb free=31176Kb
 bounds [0x02810000, 0x029a0000, 0x04810000]
 total_blobs=867 nmethods=677 adapters=121
 compilation: enabled

Compilation events (10 events):
Event: 15.936 Thread 0x14ec2000  681             sun.misc.Resource::<init> (5 bytes)
Event: 15.936 Thread 0x14ec2000 nmethod 681 0x0299c208 code [0x0299c300, 0x0299c380]
Event: 15.936 Thread 0x14ec2000  682   !         sun.misc.URLClassPath$JarLoader::checkResource (55 bytes)
Event: 15.937 Thread 0x14ec2000 nmethod 682 0x0299c3c8 code [0x0299c4f0, 0x0299c764]
Event: 15.937 Thread 0x14ec2000  683             sun.net.www.protocol.jar.Handler::parseContextSpec (154 bytes)
Event: 15.940 Thread 0x14ec2000 nmethod 683 0x0299c948 code [0x0299cb80, 0x0299d35c]
Event: 15.940 Thread 0x14ec2000  684             sun.misc.URLClassPath$JarLoader$2::<init> (26 bytes)
Event: 15.940 Thread 0x14ec2000 nmethod 684 0x0299dcc8 code [0x0299ddc0, 0x0299de80]
Event: 15.950 Thread 0x14ec2000  685             java.util.regex.Pattern::peek (26 bytes)
Event: 15.950 Thread 0x14ec2000 nmethod 685 0x0299dec8 code [0x0299dfd0, 0x0299e0ac]

GC Heap History (10 events):
Event: 2.760 GC heap before
{Heap before GC invocations=12 (full 0):
 def new generation   total 4928K, used 4928K [0x04a00000, 0x04f50000, 0x09f50000)
  eden space 4416K, 100% used [0x04a00000, 0x04e50000, 0x04e50000)
  from space 512K, 100% used [0x04e50000, 0x04ed0000, 0x04ed0000)
  to   space 512K,   0% used [0x04ed0000, 0x04ed0000, 0x04f50000)
 tenured generation   total 10944K, used 5996K [0x09f50000, 0x0aa00000, 0x14a00000)
   the space 10944K,  54% used [0x09f50000, 0x0a52b140, 0x0a52b200, 0x0aa00000)
 Metaspace       used 8958K, capacity 9154K, committed 9216K, reserved 9600K
Event: 2.762 GC heap after
Heap after GC invocations=13 (full 0):
 def new generation   total 4928K, used 502K [0x04a00000, 0x04f50000, 0x09f50000)
  eden space 4416K,   0% used [0x04a00000, 0x04a00000, 0x04e50000)
  from space 512K,  98% used [0x04ed0000, 0x04f4db28, 0x04f50000)
  to   space 512K,   0% used [0x04e50000, 0x04e50000, 0x04ed0000)
 tenured generation   total 10944K, used 6276K [0x09f50000, 0x0aa00000, 0x14a00000)
   the space 10944K,  57% used [0x09f50000, 0x0a571290, 0x0a571400, 0x0aa00000)
 Metaspace       used 8958K, capacity 9154K, committed 9216K, reserved 9600K
}
Event: 4.885 GC heap before
{Heap before GC invocations=13 (full 0):
 def new generation   total 4928K, used 4918K [0x04a00000, 0x04f50000, 0x09f50000)
  eden space 4416K, 100% used [0x04a00000, 0x04e50000, 0x04e50000)
  from space 512K,  98% used [0x04ed0000, 0x04f4db28, 0x04f50000)
  to   space 512K,   0% used [0x04e50000, 0x04e50000, 0x04ed0000)
 tenured generation   total 10944K, used 6276K [0x09f50000, 0x0aa00000, 0x14a00000)
   the space 10944K,  57% used [0x09f50000, 0x0a571290, 0x0a571400, 0x0aa00000)
 Metaspace       used 9260K, capacity 9474K, committed 9600K, reserved 9600K
Event: 4.886 GC heap after
Heap after GC invocations=14 (full 0):
 def new generation   total 4928K, used 417K [0x04a00000, 0x04f50000, 0x09f50000)
  eden space 4416K,   0% used [0x04a00000, 0x04a00000, 0x04e50000)
  from space 512K,  81% used [0x04e50000, 0x04eb8638, 0x04ed0000)
  to   space 512K,   0% used [0x04ed0000, 0x04ed0000, 0x04f50000)
 tenured generation   total 10944K, used 6341K [0x09f50000, 0x0aa00000, 0x14a00000)
   the space 10944K,  57% used [0x09f50000, 0x0a581540, 0x0a581600, 0x0aa00000)
 Metaspace       used 9260K, capacity 9474K, committed 9600K, reserved 9600K
}
Event: 15.402 GC heap before
{Heap before GC invocations=14 (full 0):
 def new generation   total 4928K, used 4833K [0x04a00000, 0x04f50000, 0x09f50000)
  eden space 4416K, 100% used [0x04a00000, 0x04e50000, 0x04e50000)
  from space 512K,  81% used [0x04e50000, 0x04eb8638, 0x04ed0000)
  to   space 512K,   0% used [0x04ed0000, 0x04ed0000, 0x04f50000)
 tenured generation   total 10944K, used 6341K [0x09f50000, 0x0aa00000, 0x14a00000)
   the space 10944K,  57% used [0x09f50000, 0x0a581540, 0x0a581600, 0x0aa00000)
 Metaspace       used 9541K, capacity 9733K, committed 9856K, reserved 10624K
Event: 15.404 GC heap after
Heap after GC invocations=15 (full 0):
 def new generation   total 4928K, used 458K [0x04a00000, 0x04f50000, 0x09f50000)
  eden space 4416K,   0% used [0x04a00000, 0x04a00000, 0x04e50000)
  from space 512K,  89% used [0x04ed0000, 0x04f42ae8, 0x04f50000)
  to   space 512K,   0% used [0x04e50000, 0x04e50000, 0x04ed0000)
 tenured generation   total 10944K, used 6411K [0x09f50000, 0x0aa00000, 0x14a00000)
   the space 10944K,  58% used [0x09f50000, 0x0a592e58, 0x0a593000, 0x0aa00000)
 Metaspace       used 9541K, capacity 9733K, committed 9856K, reserved 10624K
}
Event: 15.555 GC heap before
{Heap before GC invocations=15 (full 0):
 def new generation   total 4928K, used 4874K [0x04a00000, 0x04f50000, 0x09f50000)
  eden space 4416K, 100% used [0x04a00000, 0x04e50000, 0x04e50000)
  from space 512K,  89% used [0x04ed0000, 0x04f42ae8, 0x04f50000)
  to   space 512K,   0% used [0x04e50000, 0x04e50000, 0x04ed0000)
 tenured generation   total 10944K, used 6411K [0x09f50000, 0x0aa00000, 0x14a00000)
   the space 10944K,  58% used [0x09f50000, 0x0a592e58, 0x0a593000, 0x0aa00000)
 Metaspace       used 9991K, capacity 10170K, committed 10240K, reserved 10624K
Event: 15.557 GC heap after
Heap after GC invocations=16 (full 0):
 def new generation   total 4928K, used 452K [0x04a00000, 0x04f50000, 0x09f50000)
  eden space 4416K,   0% used [0x04a00000, 0x04a00000, 0x04e50000)
  from space 512K,  88% used [0x04e50000, 0x04ec12c0, 0x04ed0000)
  to   space 512K,   0% used [0x04ed0000, 0x04ed0000, 0x04f50000)
 tenured generation   total 10944K, used 6557K [0x09f50000, 0x0aa00000, 0x14a00000)
   the space 10944K,  59% used [0x09f50000, 0x0a5b75b8, 0x0a5b7600, 0x0aa00000)
 Metaspace       used 9991K, capacity 10170K, committed 10240K, reserved 10624K
}
Event: 15.937 GC heap before
{Heap before GC invocations=16 (full 0):
 def new generation   total 4928K, used 4868K [0x04a00000, 0x04f50000, 0x09f50000)
  eden space 4416K, 100% used [0x04a00000, 0x04e50000, 0x04e50000)
  from space 512K,  88% used [0x04e50000, 0x04ec12c0, 0x04ed0000)
  to   space 512K,   0% used [0x04ed0000, 0x04ed0000, 0x04f50000)
 tenured generation   total 10944K, used 6557K [0x09f50000, 0x0aa00000, 0x14a00000)
   the space 10944K,  59% used [0x09f50000, 0x0a5b75b8, 0x0a5b7600, 0x0aa00000)
 Metaspace       used 10227K, capacity 10426K, committed 10496K, reserved 10624K
Event: 15.939 GC heap after
Heap after GC invocations=17 (full 0):
 def new generation   total 4928K, used 418K [0x04a00000, 0x04f50000, 0x09f50000)
  eden space 4416K,   0% used [0x04a00000, 0x04a00000, 0x04e50000)
  from space 512K,  81% used [0x04ed0000, 0x04f38810, 0x04f50000)
  to   space 512K,   0% used [0x04e50000, 0x04e50000, 0x04ed0000)
 tenured generation   total 10944K, used 6670K [0x09f50000, 0x0aa00000, 0x14a00000)
   the space 10944K,  60% used [0x09f50000, 0x0a5d3918, 0x0a5d3a00, 0x0aa00000)
 Metaspace       used 10227K, capacity 10426K, committed 10496K, reserved 10624K
}

Deoptimization events (0 events):
No events

Internal exceptions (10 events):
Event: 2.600 Thread 0x00ce3400 Exception <a 'java/lang/ArrayIndexOutOfBoundsException'> (0x04bb9e90) thrown at [C:\workspace\8-2-build-windows-i586-cygwin\jdk8u121\8372\hotspot\src\share\vm\runtime\sharedRuntime.cpp, line 605]
Event: 2.613 Thread 0x00ce3400 Exception <a 'java/lang/ArrayIndexOutOfBoundsException'> (0x04c22100) thrown at [C:\workspace\8-2-build-windows-i586-cygwin\jdk8u121\8372\hotspot\src\share\vm\runtime\sharedRuntime.cpp, line 605]
Event: 2.613 Thread 0x00ce3400 Exception <a 'java/lang/ArrayIndexOutOfBoundsException'> (0x04c2ae08) thrown at [C:\workspace\8-2-build-windows-i586-cygwin\jdk8u121\8372\hotspot\src\share\vm\runtime\sharedRuntime.cpp, line 605]
Event: 2.614 Thread 0x00ce3400 Exception <a 'java/lang/ArrayIndexOutOfBoundsException'> (0x04c2c6a0) thrown at [C:\workspace\8-2-build-windows-i586-cygwin\jdk8u121\8372\hotspot\src\share\vm\runtime\sharedRuntime.cpp, line 605]
Event: 2.615 Thread 0x00ce3400 Exception <a 'java/lang/ArrayIndexOutOfBoundsException'> (0x04c352c8) thrown at [C:\workspace\8-2-build-windows-i586-cygwin\jdk8u121\8372\hotspot\src\share\vm\runtime\sharedRuntime.cpp, line 605]
Event: 11.652 Thread 0x00ce3400 Exception <a 'com/jacob/com/ComFailException'> (0x04dcc318) thrown at [C:\workspace\8-2-build-windows-i586-cygwin\jdk8u121\8372\hotspot\src\share\vm\prims\jni.cpp, line 709]
Event: 14.783 Thread 0x00ce3400 Exception <a 'java/lang/NullPointerException'> (0x04dd9978) thrown at [C:\workspace\8-2-build-windows-i586-cygwin\jdk8u121\8372\hotspot\src\share\vm\interpreter\linkResolver.cpp, line 1280]
Event: 14.783 Thread 0x00ce3400 Exception <a 'java/lang/reflect/InvocationTargetException'> (0x04dd9b78) thrown at [C:\workspace\8-2-build-windows-i586-cygwin\jdk8u121\8372\hotspot\src\share\vm\runtime\reflection.cpp, line 1092]
Event: 15.399 Thread 0x15dfe400 Exception <a 'java/net/SocketTimeoutException': connect timed out> (0x04e3e480) thrown at [C:\workspace\8-2-build-windows-i586-cygwin\jdk8u121\8372\hotspot\src\share\vm\prims\jni.cpp, line 735]
Event: 15.551 Thread 0x00ce3400 Exception <a 'java/lang/UnsatisfiedLinkError': The specified procedure could not be found.
> (0x04e19d58) thrown at [C:\workspace\8-2-build-windows-i586-cygwin\jdk8u121\8372\hotspot\src\share\vm\prims\jni.cpp, line 735]

Events (10 events):
Event: 15.958 loading class java/util/concurrent/ConcurrentHashMap$ValueIterator done
Event: 15.959 loading class org/testng/reporters/util/StackTraceTools
Event: 15.959 loading class org/testng/reporters/util/StackTraceTools done
Event: 15.960 loading class java/util/IdentityHashMap$KeyIterator
Event: 15.960 loading class java/util/IdentityHashMap$IdentityHashMapIterator
Event: 15.960 loading class java/util/IdentityHashMap$IdentityHashMapIterator done
Event: 15.960 loading class java/util/IdentityHashMap$KeyIterator done
Event: 15.961 Thread 0x14fa6800 Thread added: 0x14fa6800
Event: 15.974 Thread 0x14fa6800 Thread exited: 0x14fa6800
Event: 15.975 Executing VM operation: Exit


Dynamic libraries:
0x013d0000 - 0x01403000 	C:\Program Files (x86)\Java\jre1.8.0_121\bin\javaw.exe
0x779f0000 - 0x77b70000 	C:\windows\SysWOW64\ntdll.dll
0x75580000 - 0x75690000 	C:\windows\syswow64\kernel32.dll
0x753e0000 - 0x75427000 	C:\windows\syswow64\KERNELBASE.dll
0x75690000 - 0x75730000 	C:\windows\syswow64\ADVAPI32.dll
0x77240000 - 0x772ec000 	C:\windows\syswow64\msvcrt.dll
0x75470000 - 0x75489000 	C:\windows\SysWOW64\sechost.dll
0x75f80000 - 0x76070000 	C:\windows\syswow64\RPCRT4.dll
0x75360000 - 0x753c0000 	C:\windows\syswow64\SspiCli.dll
0x75350000 - 0x7535c000 	C:\windows\syswow64\CRYPTBASE.dll
0x76080000 - 0x76180000 	C:\windows\syswow64\USER32.dll
0x75e80000 - 0x75f10000 	C:\windows\syswow64\GDI32.dll
0x75970000 - 0x7597a000 	C:\windows\syswow64\LPK.dll
0x754e0000 - 0x7557d000 	C:\windows\syswow64\USP10.dll
0x6ea50000 - 0x6ebee000 	C:\windows\WinSxS\x86_microsoft.windows.common-controls_6595b64144ccf1df_6.0.7601.17514_none_41e6975e2bd6f2b2\COMCTL32.dll
0x77590000 - 0x775e7000 	C:\windows\syswow64\SHLWAPI.dll
0x75f10000 - 0x75f70000 	C:\windows\system32\IMM32.DLL
0x75c30000 - 0x75cfc000 	C:\windows\syswow64\MSCTF.dll
0x74450000 - 0x7447c000 	C:\windows\SysWOW64\nvinit.dll
0x78910000 - 0x789cf000 	C:\Program Files (x86)\Java\jre1.8.0_121\bin\msvcr100.dll
0x6caf0000 - 0x6cebe000 	C:\Program Files (x86)\Java\jre1.8.0_121\bin\client\jvm.dll
0x71900000 - 0x71907000 	C:\windows\system32\WSOCK32.dll
0x75a20000 - 0x75a55000 	C:\windows\syswow64\WS2_32.dll
0x76180000 - 0x76186000 	C:\windows\syswow64\NSI.dll
0x6e7d0000 - 0x6e802000 	C:\windows\system32\WINMM.dll
0x745b0000 - 0x745b9000 	C:\windows\system32\VERSION.dll
0x75440000 - 0x75445000 	C:\windows\syswow64\PSAPI.DLL
0x6f840000 - 0x6f84c000 	C:\Program Files (x86)\Java\jre1.8.0_121\bin\verify.dll
0x6d790000 - 0x6d7b1000 	C:\Program Files (x86)\Java\jre1.8.0_121\bin\java.dll
0x6e1e0000 - 0x6e20d000 	C:\windows\system32\jvmhook.dll
0x75ac0000 - 0x75c1c000 	C:\windows\syswow64\ole32.dll
0x75730000 - 0x757bf000 	C:\windows\syswow64\OLEAUT32.dll
0x6f450000 - 0x6f4d5000 	C:\windows\system32\MSVCP110.dll
0x6f370000 - 0x6f446000 	C:\windows\system32\MSVCR110.dll
0x6fec0000 - 0x6fed3000 	C:\Program Files (x86)\Java\jre1.8.0_121\bin\zip.dll
0x765f0000 - 0x7723b000 	C:\windows\syswow64\SHELL32.dll
0x754d0000 - 0x754db000 	C:\windows\syswow64\profapi.dll
0x6fab0000 - 0x6fac6000 	C:\Program Files (x86)\Java\jre1.8.0_121\bin\net.dll
0x73db0000 - 0x73dec000 	C:\windows\system32\mswsock.dll
0x73760000 - 0x73766000 	C:\windows\System32\wship6.dll
0x74440000 - 0x74445000 	C:\windows\System32\wshtcpip.dll
0x6ef90000 - 0x6efd4000 	C:\windows\system32\DNSAPI.dll
0x73ba0000 - 0x73bbc000 	C:\windows\system32\IPHLPAPI.DLL
0x74430000 - 0x74437000 	C:\windows\system32\WINNSI.DLL
0x6ec70000 - 0x6ec76000 	C:\windows\system32\rasadhlp.dll
0x73720000 - 0x73758000 	C:\windows\System32\fwpuclnt.dll
0x73d90000 - 0x73da6000 	C:\windows\system32\CRYPTSP.dll
0x73d50000 - 0x73d8b000 	C:\windows\system32\rsaenh.dll
0x75450000 - 0x75467000 	C:\windows\syswow64\USERENV.dll
0x73bc0000 - 0x73bd2000 	C:\windows\system32\dhcpcsvc.DLL
0x73b90000 - 0x73b9d000 	C:\windows\system32\dhcpcsvc6.DLL
0x6f310000 - 0x6f31f000 	C:\Program Files (x86)\Java\jre1.8.0_121\bin\nio.dll
0x6fa80000 - 0x6faa0000 	C:\Program Files (x86)\Java\jre1.8.0_121\bin\sunec.dll
0x6ef30000 - 0x6ef7c000 	C:\windows\system32\apphelp.dll
0x00e70000 - 0x00e9f000 	C:\jacob-1.18\jacob-1.18-x86.dll
0x772f0000 - 0x77373000 	C:\windows\syswow64\CLBCatQ.DLL
0x73520000 - 0x7352e000 	C:\windows\system32\RpcRtRemote.dll
0x17200000 - 0x17a86000 	C:\PROGRA~2\HP\OTACLI~1.DLL
0x75850000 - 0x75970000 	C:\windows\syswow64\CRYPT32.dll
0x76070000 - 0x7607c000 	C:\windows\syswow64\MSASN1.dll
0x6d3c0000 - 0x6d41f000 	C:\windows\system32\SXS.DLL
0x17ba0000 - 0x17cb1000 	C:\ProgramData\HP\ALM-Client\12.50.1.0_952\WebClient.dll
0x77380000 - 0x7758d000 	C:\windows\syswow64\wininet.dll
0x75f70000 - 0x75f74000 	C:\windows\syswow64\api-ms-win-downlevel-user32-l1-1-0.dll
0x75490000 - 0x75494000 	C:\windows\syswow64\api-ms-win-downlevel-shlwapi-l1-1-0.dll
0x779c0000 - 0x779c4000 	C:\windows\syswow64\api-ms-win-downlevel-version-l1-1-0.dll
0x75c20000 - 0x75c23000 	C:\windows\syswow64\api-ms-win-downlevel-normaliz-l1-1-0.dll
0x753c0000 - 0x753c3000 	C:\windows\syswow64\normaliz.DLL
0x763b0000 - 0x765e4000 	C:\windows\syswow64\iertutil.dll
0x753d0000 - 0x753d5000 	C:\windows\syswow64\api-ms-win-downlevel-advapi32-l1-1-0.dll
0x62150000 - 0x62248000 	C:\windows\system32\Cryptui.dll
0x737c0000 - 0x73818000 	C:\windows\system32\winhttp.dll
0x73770000 - 0x737bf000 	C:\windows\system32\webio.dll
0x63a30000 - 0x63a49000 	C:\windows\system32\olepro32.dll
0x6d510000 - 0x6d518000 	C:\windows\system32\Secur32.dll
0x6b790000 - 0x6b794000 	C:\windows\system32\api-ms-win-downlevel-advapi32-l2-1-0.dll
0x75430000 - 0x75434000 	C:\windows\syswow64\api-ms-win-downlevel-ole32-l1-1-0.dll
0x75d00000 - 0x75e4b000 	C:\windows\syswow64\urlmon.dll
0x6b5b0000 - 0x6b5b4000 	C:\windows\system32\api-ms-win-downlevel-shlwapi-l2-1-0.dll
0x6d500000 - 0x6d508000 	C:\windows\system32\credssp.dll
0x754a0000 - 0x754c7000 	C:\windows\syswow64\CFGMGR32.dll
0x154c0000 - 0x154fd000 	C:\Users\dhavalsh\AppData\Local\Temp\jna--1047879879\jna1024315320146265139.dll
0x6db60000 - 0x6db70000 	C:\windows\system32\NLAapi.dll
0x6db50000 - 0x6db60000 	C:\windows\system32\napinsp.dll
0x6db30000 - 0x6db42000 	C:\windows\system32\pnrpnsp.dll
0x6db20000 - 0x6db28000 	C:\windows\System32\winrnr.dll
0x6db10000 - 0x6db1d000 	C:\windows\system32\wshbth.dll
0x73df0000 - 0x73edb000 	C:\windows\system32\dbghelp.dll

VM Arguments:
jvm_args: -agentlib:jvmhook -ea -Dfile.encoding=Cp1252 -Xrunjvmhook -Xbootclasspath/a:C:\Program Files (x86)\HP\Unified Functional Testing\bin\java_shared\classes;C:\Program Files (x86)\HP\Unified Functional Testing\bin\java_shared\classes\jasmine.jar 
java_command: org.testng.remote.RemoteTestNG -serport 55253 -protocol json -d C:\Users\dhavalsh\Desktop\eclipse\eclipse\workspace\Eifu_Aut\test-output C:\Users\dhavalsh\AppData\Local\Temp\testng-eclipse-1377279205\testng-customsuite.xml
java_class_path (initial): C:\Users\dhavalsh\Desktop\eclipse\eclipse\plugins\org.testng.eclipse_6.10.0.201612030230\lib\testng-remote.jar;C:\Users\dhavalsh\Desktop\eclipse\eclipse\workspace\Eifu_Aut\target\test-classes;C:\Users\dhavalsh\Desktop\eclipse\eclipse\workspace\Eifu_Aut\target\classes;C:\Users\dhavalsh\git\SFDC-Test-Scripts\com.okta\target\classes;C:\Users\dhavalsh\git\SFDC-Test-Scripts\com.okta\target\test-classes;C:\Users\dhavalsh\.m2\repository\org\seleniumhq\selenium\selenium-java\3.0.1\selenium-java-3.0.1.jar;C:\Users\dhavalsh\.m2\repository\org\seleniumhq\selenium\selenium-chrome-driver\3.0.1\selenium-chrome-driver-3.0.1.jar;C:\Users\dhavalsh\.m2\repository\org\seleniumhq\selenium\selenium-remote-driver\3.0.1\selenium-remote-driver-3.0.1.jar;C:\Users\dhavalsh\.m2\repository\org\seleniumhq\selenium\selenium-api\3.0.1\selenium-api-3.0.1.jar;C:\Users\dhavalsh\.m2\repository\cglib\cglib-nodep\3.2.4\cglib-nodep-3.2.4.jar;C:\Users\dhavalsh\.m2\repository\org\apache\commons\commons-exec\1.3\commons-exec-1.3.jar;C:\Users\dhavalsh\.m2\repository\com\google\code\gson\gson\2.3.1\gson-2.3.1.jar;C:\Users\dhavalsh\.m2\repository\com\google\guava\guava\19.0\guava-19.0.jar;C:\Users\dhavalsh\.m2\repository\net\java\dev\jna\jna-platform\4.1.0\jna-platform-4.1.0.jar;C:\Users\dhavalsh\.m2\repository\net\java\dev\jna\jna\4.1.0\jna-4.1.0.jar;C:\Users\dhavalsh\.m2\repository\org\seleniumhq\selenium\selenium-edge-driver\3.0.1\selenium-edge-driver-3.0.1.jar;C:\Users\dhavalsh\.m2\repository\org\seleniumhq\selenium\selenium-firefox-driver\3.0.1\selenium-firefox-driver-3.0.1.jar;C:\Users\dhavalsh\.m2\repository\org\seleniumhq\selenium\selenium-ie-driver\3.0.1\selenium-ie-driver-3.0.1.jar;C:\Users\dhavalsh\.m2\repository\org\seleniumhq\selenium\selenium-opera-driver\3.0.1\selenium-opera-driver-3.0.1.jar;C:\Users\dhavalsh\.m2\repository\org\seleniumhq\selenium\selenium-safari-driver\3.0.1\selenium-safari-driver-3.0.1.jar;C:\Users\dhavalsh\.m2\repository\io\netty\netty\3.5.7.Fina
Launcher Type: SUN_STANDARD

Environment Variables:
JAVA_HOME=C:\Program Files\Java\jdk1.8.0_73;C:\geckodriver.exe
JAVA_TOOL_OPTIONS=-agentlib:jvmhook
_JAVA_OPTIONS=-Xrunjvmhook -Xbootclasspath/a:"C:\Program Files (x86)\HP\Unified Functional Testing\bin\java_shared\classes";"C:\Program Files (x86)\HP\Unified Functional Testing\bin\java_shared\classes\jasmine.jar"
USERNAME=DhavalSh
OS=Windows_NT
PROCESSOR_IDENTIFIER=Intel64 Family 6 Model 58 Stepping 9, GenuineIntel



---------------  S Y S T E M  ---------------

OS: Windows 7 , 64 bit Build 7601 (6.1.7601.18229)

CPU:total 4 (2 cores per cpu, 2 threads per core) family 6 model 58 stepping 9, cmov, cx8, fxsr, mmx, sse, sse2, sse3, ssse3, sse4.1, sse4.2, popcnt, avx, aes, clmul, erms, ht, tsc, tscinvbit, tscinv

Memory: 4k page, physical 8256676k(1153964k free), swap 16511496k(6824504k free)

vm_info: Java HotSpot(TM) Client VM (25.121-b13) for windows-x86 JRE (1.8.0_121-b13), built on Dec 12 2016 18:17:00 by "java_re" with MS VC++ 10.0 (VS2010)

time: Sun Feb 19 10:43:33 2017
elapsed time: 16 seconds (0d 0h 0m 16s)

