#
# A fatal error has been detected by the Java Runtime Environment:
#
#  EXCEPTION_ACCESS_VIOLATION (0xc0000005) at pc=0x172cb4e7, pid=13692, tid=0x000035c0
#
# JRE version: Java(TM) SE Runtime Environment (8.0_121-b13) (build 1.8.0_121-b13)
# Java VM: Java HotSpot(TM) Client VM (25.121-b13 mixed mode windows-x86 )
# Problematic frame:
# C  [OTACLI~1.DLL+0x7b4e7]
#
# Failed to write core dump. Minidumps are not enabled by default on client versions of Windows
#
# If you would like to submit a bug report, please visit:
#   http://bugreport.java.com/bugreport/crash.jsp
#

---------------  T H R E A D  ---------------

Current thread (0x14e52000):  VMThread [stack: 0x15040000,0x15090000] [id=13760]

siginfo: ExceptionCode=0xc0000005, reading address 0x17d09af4

Registers:
EAX=0x00002088, EBX=0x17b11508, ECX=0x17b03e38, EDX=0x00430219
ESP=0x1508f590, EBP=0x1508f5c0, ESI=0x17d09af4, EDI=0x00000000
EIP=0x172cb4e7, EFLAGS=0x00010202

Top of Stack: (sp=0x1508f590)
0x1508f590:   187a3f48 1745ba70 187a3f48 1745b927
0x1508f5a0:   966d7526 00000000 187a3f40 17b11508
0x1508f5b0:   187a3f48 1508f5d8 175dc4d6 00000000
0x1508f5c0:   1508f5e4 1746b683 966d7502 00000000
0x1508f5d0:   187a3f40 17b11508 1508f624 175df7e2
0x1508f5e0:   00000000 1508f630 174a7190 187a3f40
0x1508f5f0:   187a3f40 174a8c21 187a3f40 174a7c20
0x1508f600:   00000001 17b11350 755913e0 1746c01a 

Instructions: (pc=0x172cb4e7)
0x172cb4c7:   46 10 85 c0 74 06 8b 08 50 ff 51 08 8b 46 0c 85
0x172cb4d7:   c0 74 06 8b 08 50 ff 51 08 8b 76 04 85 f6 74 06
0x172cb4e7:   8b 06 56 ff 50 08 5e c3 51 80 7e 08 00 75 22 8b
0x172cb4f7:   46 0c 8b 48 0c 85 c9 74 0d 8b 01 ff 10 8b 40 04 


Register to memory mapping:

EAX=
[error occurred during error reporting (printing register info), id 0xc0000005]

Stack: [0x15040000,0x15090000],  sp=0x1508f590,  free space=317k
Native frames: (J=compiled Java code, j=interpreted, Vv=VM code, C=native code)
C  [OTACLI~1.DLL+0x7b4e7]
C  [OTACLI~1.DLL+0x21b683]
C  [OTACLI~1.DLL+0x257190]
C  [OTACLI~1.DLL+0xdd442]
C  [OTACLI~1.DLL+0x56efc]
C  [OTACLI~1.DLL+0x209c44]
C  [OTACLI~1.DLL+0xc7393]
C  [OTACLI~1.DLL+0x36f4e8]
C  [OTACLI~1.DLL+0x36afc0]
C  [OTACLI~1.DLL+0x36b02b]
C  [ntdll.dll+0x399a0]
C  [ntdll.dll+0x4d702]
C  [ntdll.dll+0x4d5a4]
C  [kernel32.dll+0x179c5]
C  [msvcr100.dll+0x27997]
C  [msvcr100.dll+0x27ab0]
C  [msvcr100.dll+0x27b1d]
V  [jvm.dll+0x159492]
V  [jvm.dll+0x1830ad]
V  [jvm.dll+0x182511]
V  [jvm.dll+0x182927]
V  [jvm.dll+0x182b22]
V  [jvm.dll+0x1c2ae6]
C  [msvcr100.dll+0x5c556]
C  [msvcr100.dll+0x5c600]
C  [kernel32.dll+0x1336a]
C  [ntdll.dll+0x39f72]
C  [ntdll.dll+0x39f45]

VM_Operation (0x00f8f9e0): Exit, mode: safepoint, requested by thread 0x00ce3400


---------------  P R O C E S S  ---------------

Java Threads: ( => current thread )
  0x15e5a800 JavaThread "UrlChecker-2" daemon [_thread_blocked, id=11588, stack(0x16aa0000,0x16af0000)]
  0x14e91800 JavaThread "Service Thread" daemon [_thread_blocked, id=7960, stack(0x155e0000,0x15630000)]
  0x14e8f800 JavaThread "C1 CompilerThread0" daemon [_thread_blocked, id=8416, stack(0x15390000,0x153e0000)]
  0x14e96c00 JavaThread "Attach Listener" daemon [_thread_blocked, id=11044, stack(0x151e0000,0x15230000)]
  0x14e7b800 JavaThread "Finalizer" daemon [_thread_blocked, id=11968, stack(0x14cc0000,0x14d10000)]
  0x14e7a400 JavaThread "Reference Handler" daemon [_thread_blocked, id=7532, stack(0x15110000,0x15160000)]
  0x00ce3400 JavaThread "main" [_thread_blocked, id=12648, stack(0x00f40000,0x00f90000)]

Other Threads:
=>0x14e52000 VMThread [stack: 0x15040000,0x15090000] [id=13760]

VM state:at safepoint (shutting down)

VM Mutex/Monitor currently owned by a thread:  ([mutex/lock_event])
[0x00ce17c0] Threads_lock - owner thread: 0x14e52000

Heap:
 def new generation   total 4928K, used 1202K [0x04800000, 0x04d50000, 0x09d50000)
  eden space 4416K,  17% used [0x04800000, 0x048c47c0, 0x04c50000)
  from space 512K,  81% used [0x04cd0000, 0x04d38358, 0x04d50000)
  to   space 512K,   0% used [0x04c50000, 0x04c50000, 0x04cd0000)
 tenured generation   total 10944K, used 6673K [0x09d50000, 0x0a800000, 0x14800000)
   the space 10944K,  60% used [0x09d50000, 0x0a3d4730, 0x0a3d4800, 0x0a800000)
 Metaspace       used 10247K, capacity 10426K, committed 10496K, reserved 10624K

Card table byte_map: [0x00e90000,0x00f20000] byte_map_base: 0x00e6c000

Polling page: 0x001d0000

CodeCache: size=32768Kb used=1593Kb max_used=1593Kb free=31174Kb
 bounds [0x027b0000, 0x02940000, 0x047b0000]
 total_blobs=868 nmethods=678 adapters=121
 compilation: enabled

Compilation events (10 events):
Event: 15.164 Thread 0x14e8f800  682             sun.misc.Resource::<init> (5 bytes)
Event: 15.164 Thread 0x14e8f800 nmethod 682 0x0293c648 code [0x0293c740, 0x0293c7c0]
Event: 15.165 Thread 0x14e8f800  683   !         sun.misc.URLClassPath$JarLoader::checkResource (55 bytes)
Event: 15.165 Thread 0x14e8f800 nmethod 683 0x0293c808 code [0x0293c930, 0x0293cba4]
Event: 15.165 Thread 0x14e8f800  684             sun.net.www.protocol.jar.Handler::parseContextSpec (154 bytes)
Event: 15.166 Thread 0x14e8f800 nmethod 684 0x0293cd88 code [0x0293cfc0, 0x0293d79c]
Event: 15.167 Thread 0x14e8f800  685             sun.misc.URLClassPath$JarLoader$2::<init> (26 bytes)
Event: 15.167 Thread 0x14e8f800 nmethod 685 0x0293e108 code [0x0293e200, 0x0293e2c0]
Event: 15.211 Thread 0x14e8f800  686             java.util.regex.Pattern::peek (26 bytes)
Event: 15.211 Thread 0x14e8f800 nmethod 686 0x0293e308 code [0x0293e410, 0x0293e4ec]

GC Heap History (10 events):
Event: 2.646 GC heap before
{Heap before GC invocations=12 (full 0):
 def new generation   total 4928K, used 4928K [0x04800000, 0x04d50000, 0x09d50000)
  eden space 4416K, 100% used [0x04800000, 0x04c50000, 0x04c50000)
  from space 512K, 100% used [0x04c50000, 0x04cd0000, 0x04cd0000)
  to   space 512K,   0% used [0x04cd0000, 0x04cd0000, 0x04d50000)
 tenured generation   total 10944K, used 5997K [0x09d50000, 0x0a800000, 0x14800000)
   the space 10944K,  54% used [0x09d50000, 0x0a32b798, 0x0a32b800, 0x0a800000)
 Metaspace       used 8958K, capacity 9154K, committed 9216K, reserved 9600K
Event: 2.648 GC heap after
Heap after GC invocations=13 (full 0):
 def new generation   total 4928K, used 502K [0x04800000, 0x04d50000, 0x09d50000)
  eden space 4416K,   0% used [0x04800000, 0x04800000, 0x04c50000)
  from space 512K,  98% used [0x04cd0000, 0x04d4dad8, 0x04d50000)
  to   space 512K,   0% used [0x04c50000, 0x04c50000, 0x04cd0000)
 tenured generation   total 10944K, used 6278K [0x09d50000, 0x0a800000, 0x14800000)
   the space 10944K,  57% used [0x09d50000, 0x0a3718e0, 0x0a371a00, 0x0a800000)
 Metaspace       used 8958K, capacity 9154K, committed 9216K, reserved 9600K
}
Event: 4.348 GC heap before
{Heap before GC invocations=13 (full 0):
 def new generation   total 4928K, used 4918K [0x04800000, 0x04d50000, 0x09d50000)
  eden space 4416K, 100% used [0x04800000, 0x04c50000, 0x04c50000)
  from space 512K,  98% used [0x04cd0000, 0x04d4dad8, 0x04d50000)
  to   space 512K,   0% used [0x04c50000, 0x04c50000, 0x04cd0000)
 tenured generation   total 10944K, used 6278K [0x09d50000, 0x0a800000, 0x14800000)
   the space 10944K,  57% used [0x09d50000, 0x0a3718e0, 0x0a371a00, 0x0a800000)
 Metaspace       used 9260K, capacity 9474K, committed 9600K, reserved 9600K
Event: 4.349 GC heap after
Heap after GC invocations=14 (full 0):
 def new generation   total 4928K, used 419K [0x04800000, 0x04d50000, 0x09d50000)
  eden space 4416K,   0% used [0x04800000, 0x04800000, 0x04c50000)
  from space 512K,  81% used [0x04c50000, 0x04cb8c70, 0x04cd0000)
  to   space 512K,   0% used [0x04cd0000, 0x04cd0000, 0x04d50000)
 tenured generation   total 10944K, used 6342K [0x09d50000, 0x0a800000, 0x14800000)
   the space 10944K,  57% used [0x09d50000, 0x0a381ba0, 0x0a381c00, 0x0a800000)
 Metaspace       used 9260K, capacity 9474K, committed 9600K, reserved 9600K
}
Event: 14.722 GC heap before
{Heap before GC invocations=14 (full 0):
 def new generation   total 4928K, used 4835K [0x04800000, 0x04d50000, 0x09d50000)
  eden space 4416K, 100% used [0x04800000, 0x04c50000, 0x04c50000)
  from space 512K,  81% used [0x04c50000, 0x04cb8c70, 0x04cd0000)
  to   space 512K,   0% used [0x04cd0000, 0x04cd0000, 0x04d50000)
 tenured generation   total 10944K, used 6342K [0x09d50000, 0x0a800000, 0x14800000)
   the space 10944K,  57% used [0x09d50000, 0x0a381ba0, 0x0a381c00, 0x0a800000)
 Metaspace       used 9538K, capacity 9701K, committed 9728K, reserved 10624K
Event: 14.724 GC heap after
Heap after GC invocations=15 (full 0):
 def new generation   total 4928K, used 457K [0x04800000, 0x04d50000, 0x09d50000)
  eden space 4416K,   0% used [0x04800000, 0x04800000, 0x04c50000)
  from space 512K,  89% used [0x04cd0000, 0x04d42578, 0x04d50000)
  to   space 512K,   0% used [0x04c50000, 0x04c50000, 0x04cd0000)
 tenured generation   total 10944K, used 6412K [0x09d50000, 0x0a800000, 0x14800000)
   the space 10944K,  58% used [0x09d50000, 0x0a3933f0, 0x0a393400, 0x0a800000)
 Metaspace       used 9538K, capacity 9701K, committed 9728K, reserved 10624K
}
Event: 14.848 GC heap before
{Heap before GC invocations=15 (full 0):
 def new generation   total 4928K, used 4862K [0x04800000, 0x04d50000, 0x09d50000)
  eden space 4416K,  99% used [0x04800000, 0x04c4d2d8, 0x04c50000)
  from space 512K,  89% used [0x04cd0000, 0x04d42578, 0x04d50000)
  to   space 512K,   0% used [0x04c50000, 0x04c50000, 0x04cd0000)
 tenured generation   total 10944K, used 6412K [0x09d50000, 0x0a800000, 0x14800000)
   the space 10944K,  58% used [0x09d50000, 0x0a3933f0, 0x0a393400, 0x0a800000)
 Metaspace       used 9991K, capacity 10170K, committed 10240K, reserved 10624K
Event: 14.849 GC heap after
Heap after GC invocations=16 (full 0):
 def new generation   total 4928K, used 470K [0x04800000, 0x04d50000, 0x09d50000)
  eden space 4416K,   0% used [0x04800000, 0x04800000, 0x04c50000)
  from space 512K,  91% used [0x04c50000, 0x04cc5b38, 0x04cd0000)
  to   space 512K,   0% used [0x04cd0000, 0x04cd0000, 0x04d50000)
 tenured generation   total 10944K, used 6558K [0x09d50000, 0x0a800000, 0x14800000)
   the space 10944K,  59% used [0x09d50000, 0x0a3b7a50, 0x0a3b7c00, 0x0a800000)
 Metaspace       used 9991K, capacity 10170K, committed 10240K, reserved 10624K
}
Event: 15.169 GC heap before
{Heap before GC invocations=16 (full 0):
 def new generation   total 4928K, used 4886K [0x04800000, 0x04d50000, 0x09d50000)
  eden space 4416K, 100% used [0x04800000, 0x04c50000, 0x04c50000)
  from space 512K,  91% used [0x04c50000, 0x04cc5b38, 0x04cd0000)
  to   space 512K,   0% used [0x04cd0000, 0x04cd0000, 0x04d50000)
 tenured generation   total 10944K, used 6558K [0x09d50000, 0x0a800000, 0x14800000)
   the space 10944K,  59% used [0x09d50000, 0x0a3b7a50, 0x0a3b7c00, 0x0a800000)
 Metaspace       used 10227K, capacity 10426K, committed 10496K, reserved 10624K
Event: 15.171 GC heap after
Heap after GC invocations=17 (full 0):
 def new generation   total 4928K, used 416K [0x04800000, 0x04d50000, 0x09d50000)
  eden space 4416K,   0% used [0x04800000, 0x04800000, 0x04c50000)
  from space 512K,  81% used [0x04cd0000, 0x04d38358, 0x04d50000)
  to   space 512K,   0% used [0x04c50000, 0x04c50000, 0x04cd0000)
 tenured generation   total 10944K, used 6673K [0x09d50000, 0x0a800000, 0x14800000)
   the space 10944K,  60% used [0x09d50000, 0x0a3d4730, 0x0a3d4800, 0x0a800000)
 Metaspace       used 10227K, capacity 10426K, committed 10496K, reserved 10624K
}

Deoptimization events (0 events):
No events

Internal exceptions (10 events):
Event: 2.507 Thread 0x00ce3400 Exception <a 'java/lang/ArrayIndexOutOfBoundsException'> (0x049bb0d0) thrown at [C:\workspace\8-2-build-windows-i586-cygwin\jdk8u121\8372\hotspot\src\share\vm\runtime\sharedRuntime.cpp, line 605]
Event: 2.517 Thread 0x00ce3400 Exception <a 'java/lang/ArrayIndexOutOfBoundsException'> (0x04a23340) thrown at [C:\workspace\8-2-build-windows-i586-cygwin\jdk8u121\8372\hotspot\src\share\vm\runtime\sharedRuntime.cpp, line 605]
Event: 2.517 Thread 0x00ce3400 Exception <a 'java/lang/ArrayIndexOutOfBoundsException'> (0x04a2bee8) thrown at [C:\workspace\8-2-build-windows-i586-cygwin\jdk8u121\8372\hotspot\src\share\vm\runtime\sharedRuntime.cpp, line 605]
Event: 2.517 Thread 0x00ce3400 Exception <a 'java/lang/ArrayIndexOutOfBoundsException'> (0x04a2d780) thrown at [C:\workspace\8-2-build-windows-i586-cygwin\jdk8u121\8372\hotspot\src\share\vm\runtime\sharedRuntime.cpp, line 605]
Event: 2.518 Thread 0x00ce3400 Exception <a 'java/lang/ArrayIndexOutOfBoundsException'> (0x04a363a8) thrown at [C:\workspace\8-2-build-windows-i586-cygwin\jdk8u121\8372\hotspot\src\share\vm\runtime\sharedRuntime.cpp, line 605]
Event: 10.862 Thread 0x00ce3400 Exception <a 'com/jacob/com/ComFailException'> (0x04bcd7c8) thrown at [C:\workspace\8-2-build-windows-i586-cygwin\jdk8u121\8372\hotspot\src\share\vm\prims\jni.cpp, line 709]
Event: 14.127 Thread 0x00ce3400 Exception <a 'java/lang/NullPointerException'> (0x04bdaef0) thrown at [C:\workspace\8-2-build-windows-i586-cygwin\jdk8u121\8372\hotspot\src\share\vm\interpreter\linkResolver.cpp, line 1280]
Event: 14.127 Thread 0x00ce3400 Exception <a 'java/lang/reflect/InvocationTargetException'> (0x04bdb0f0) thrown at [C:\workspace\8-2-build-windows-i586-cygwin\jdk8u121\8372\hotspot\src\share\vm\runtime\reflection.cpp, line 1092]
Event: 14.720 Thread 0x15e5a800 Exception <a 'java/net/SocketTimeoutException': connect timed out> (0x04c34ea8) thrown at [C:\workspace\8-2-build-windows-i586-cygwin\jdk8u121\8372\hotspot\src\share\vm\prims\jni.cpp, line 735]
Event: 14.843 Thread 0x00ce3400 Exception <a 'java/lang/UnsatisfiedLinkError': The specified procedure could not be found.
> (0x04c1c2c0) thrown at [C:\workspace\8-2-build-windows-i586-cygwin\jdk8u121\8372\hotspot\src\share\vm\prims\jni.cpp, line 735]

Events (10 events):
Event: 15.221 loading class org/testng/reporters/util/StackTraceTools
Event: 15.221 loading class org/testng/reporters/util/StackTraceTools done
Event: 15.222 loading class java/util/IdentityHashMap$KeyIterator
Event: 15.222 loading class java/util/IdentityHashMap$IdentityHashMapIterator
Event: 15.222 loading class java/util/IdentityHashMap$IdentityHashMapIterator done
Event: 15.222 loading class java/util/IdentityHashMap$KeyIterator done
Event: 15.222 Thread 0x14f50c00 Thread added: 0x14f50c00
Event: 15.223 Thread 0x14f50c00 Thread exited: 0x14f50c00
Event: 15.224 Thread 0x14e95c00 Thread exited: 0x14e95c00
Event: 15.224 Executing VM operation: Exit


Dynamic libraries:
0x01370000 - 0x013a3000 	C:\Program Files (x86)\Java\jre1.8.0_121\bin\javaw.exe
0x779f0000 - 0x77b70000 	C:\windows\SysWOW64\ntdll.dll
0x75580000 - 0x75690000 	C:\windows\syswow64\kernel32.dll
0x753e0000 - 0x75427000 	C:\windows\syswow64\KERNELBASE.dll
0x75690000 - 0x75730000 	C:\windows\syswow64\ADVAPI32.dll
0x77240000 - 0x772ec000 	C:\windows\syswow64\msvcrt.dll
0x75470000 - 0x75489000 	C:\windows\SysWOW64\sechost.dll
0x75f80000 - 0x76070000 	C:\windows\syswow64\RPCRT4.dll
0x75360000 - 0x753c0000 	C:\windows\syswow64\SspiCli.dll
0x75350000 - 0x7535c000 	C:\windows\syswow64\CRYPTBASE.dll
0x76080000 - 0x76180000 	C:\windows\syswow64\USER32.dll
0x75e80000 - 0x75f10000 	C:\windows\syswow64\GDI32.dll
0x75970000 - 0x7597a000 	C:\windows\syswow64\LPK.dll
0x754e0000 - 0x7557d000 	C:\windows\syswow64\USP10.dll
0x6ea50000 - 0x6ebee000 	C:\windows\WinSxS\x86_microsoft.windows.common-controls_6595b64144ccf1df_6.0.7601.17514_none_41e6975e2bd6f2b2\COMCTL32.dll
0x77590000 - 0x775e7000 	C:\windows\syswow64\SHLWAPI.dll
0x75f10000 - 0x75f70000 	C:\windows\system32\IMM32.DLL
0x75c30000 - 0x75cfc000 	C:\windows\syswow64\MSCTF.dll
0x74450000 - 0x7447c000 	C:\windows\SysWOW64\nvinit.dll
0x784d0000 - 0x7858f000 	C:\Program Files (x86)\Java\jre1.8.0_121\bin\msvcr100.dll
0x6c940000 - 0x6cd0e000 	C:\Program Files (x86)\Java\jre1.8.0_121\bin\client\jvm.dll
0x71900000 - 0x71907000 	C:\windows\system32\WSOCK32.dll
0x75a20000 - 0x75a55000 	C:\windows\syswow64\WS2_32.dll
0x76180000 - 0x76186000 	C:\windows\syswow64\NSI.dll
0x6e7d0000 - 0x6e802000 	C:\windows\system32\WINMM.dll
0x745b0000 - 0x745b9000 	C:\windows\system32\VERSION.dll
0x75440000 - 0x75445000 	C:\windows\syswow64\PSAPI.DLL
0x6fcd0000 - 0x6fcdc000 	C:\Program Files (x86)\Java\jre1.8.0_121\bin\verify.dll
0x6ce90000 - 0x6ceb1000 	C:\Program Files (x86)\Java\jre1.8.0_121\bin\java.dll
0x6e1e0000 - 0x6e20d000 	C:\windows\system32\jvmhook.dll
0x75ac0000 - 0x75c1c000 	C:\windows\syswow64\ole32.dll
0x75730000 - 0x757bf000 	C:\windows\syswow64\OLEAUT32.dll
0x6f450000 - 0x6f4d5000 	C:\windows\system32\MSVCP110.dll
0x6f370000 - 0x6f446000 	C:\windows\system32\MSVCR110.dll
0x6f650000 - 0x6f663000 	C:\Program Files (x86)\Java\jre1.8.0_121\bin\zip.dll
0x765f0000 - 0x7723b000 	C:\windows\syswow64\SHELL32.dll
0x754d0000 - 0x754db000 	C:\windows\syswow64\profapi.dll
0x6fb90000 - 0x6fba6000 	C:\Program Files (x86)\Java\jre1.8.0_121\bin\net.dll
0x73db0000 - 0x73dec000 	C:\windows\system32\mswsock.dll
0x73760000 - 0x73766000 	C:\windows\System32\wship6.dll
0x74440000 - 0x74445000 	C:\windows\System32\wshtcpip.dll
0x6ef90000 - 0x6efd4000 	C:\windows\system32\DNSAPI.dll
0x73ba0000 - 0x73bbc000 	C:\windows\system32\IPHLPAPI.DLL
0x74430000 - 0x74437000 	C:\windows\system32\WINNSI.DLL
0x6ec70000 - 0x6ec76000 	C:\windows\system32\rasadhlp.dll
0x73720000 - 0x73758000 	C:\windows\System32\fwpuclnt.dll
0x73d90000 - 0x73da6000 	C:\windows\system32\CRYPTSP.dll
0x73d50000 - 0x73d8b000 	C:\windows\system32\rsaenh.dll
0x75450000 - 0x75467000 	C:\windows\syswow64\USERENV.dll
0x73bc0000 - 0x73bd2000 	C:\windows\system32\dhcpcsvc.DLL
0x73b90000 - 0x73b9d000 	C:\windows\system32\dhcpcsvc6.DLL
0x6f100000 - 0x6f10f000 	C:\Program Files (x86)\Java\jre1.8.0_121\bin\nio.dll
0x6f5c0000 - 0x6f5e0000 	C:\Program Files (x86)\Java\jre1.8.0_121\bin\sunec.dll
0x6ef30000 - 0x6ef7c000 	C:\windows\system32\apphelp.dll
0x00220000 - 0x0024f000 	C:\jacob-1.18\jacob-1.18-x86.dll
0x772f0000 - 0x77373000 	C:\windows\syswow64\CLBCatQ.DLL
0x73520000 - 0x7352e000 	C:\windows\system32\RpcRtRemote.dll
0x17250000 - 0x17ad6000 	C:\PROGRA~2\HP\OTACLI~1.DLL
0x75850000 - 0x75970000 	C:\windows\syswow64\CRYPT32.dll
0x76070000 - 0x7607c000 	C:\windows\syswow64\MSASN1.dll
0x6d3c0000 - 0x6d41f000 	C:\windows\system32\SXS.DLL
0x17be0000 - 0x17cf1000 	C:\ProgramData\HP\ALM-Client\12.50.1.0_952\WebClient.dll
0x77380000 - 0x7758d000 	C:\windows\syswow64\wininet.dll
0x75f70000 - 0x75f74000 	C:\windows\syswow64\api-ms-win-downlevel-user32-l1-1-0.dll
0x75490000 - 0x75494000 	C:\windows\syswow64\api-ms-win-downlevel-shlwapi-l1-1-0.dll
0x779c0000 - 0x779c4000 	C:\windows\syswow64\api-ms-win-downlevel-version-l1-1-0.dll
0x75c20000 - 0x75c23000 	C:\windows\syswow64\api-ms-win-downlevel-normaliz-l1-1-0.dll
0x753c0000 - 0x753c3000 	C:\windows\syswow64\normaliz.DLL
0x763b0000 - 0x765e4000 	C:\windows\syswow64\iertutil.dll
0x753d0000 - 0x753d5000 	C:\windows\syswow64\api-ms-win-downlevel-advapi32-l1-1-0.dll
0x62150000 - 0x62248000 	C:\windows\system32\Cryptui.dll
0x737c0000 - 0x73818000 	C:\windows\system32\winhttp.dll
0x73770000 - 0x737bf000 	C:\windows\system32\webio.dll
0x63a30000 - 0x63a49000 	C:\windows\system32\olepro32.dll
0x6d510000 - 0x6d518000 	C:\windows\system32\Secur32.dll
0x6b790000 - 0x6b794000 	C:\windows\system32\api-ms-win-downlevel-advapi32-l2-1-0.dll
0x75430000 - 0x75434000 	C:\windows\syswow64\api-ms-win-downlevel-ole32-l1-1-0.dll
0x75d00000 - 0x75e4b000 	C:\windows\syswow64\urlmon.dll
0x6b5b0000 - 0x6b5b4000 	C:\windows\system32\api-ms-win-downlevel-shlwapi-l2-1-0.dll
0x6d500000 - 0x6d508000 	C:\windows\system32\credssp.dll
0x754a0000 - 0x754c7000 	C:\windows\syswow64\CFGMGR32.dll
0x154f0000 - 0x1552d000 	C:\Users\dhavalsh\AppData\Local\Temp\jna--1047879879\jna8171197428093103589.dll
0x6db60000 - 0x6db70000 	C:\windows\system32\NLAapi.dll
0x6db50000 - 0x6db60000 	C:\windows\system32\napinsp.dll
0x6db30000 - 0x6db42000 	C:\windows\system32\pnrpnsp.dll
0x6db20000 - 0x6db28000 	C:\windows\System32\winrnr.dll
0x6db10000 - 0x6db1d000 	C:\windows\system32\wshbth.dll
0x73df0000 - 0x73edb000 	C:\windows\system32\dbghelp.dll

VM Arguments:
jvm_args: -agentlib:jvmhook -ea -Dfile.encoding=Cp1252 -Xrunjvmhook -Xbootclasspath/a:C:\Program Files (x86)\HP\Unified Functional Testing\bin\java_shared\classes;C:\Program Files (x86)\HP\Unified Functional Testing\bin\java_shared\classes\jasmine.jar 
java_command: org.testng.remote.RemoteTestNG -serport 54961 -protocol json -d C:\Users\dhavalsh\Desktop\eclipse\eclipse\workspace\Eifu_Aut\test-output C:\Users\dhavalsh\AppData\Local\Temp\testng-eclipse--1647919842\testng-customsuite.xml
java_class_path (initial): C:\Users\dhavalsh\Desktop\eclipse\eclipse\plugins\org.testng.eclipse_6.10.0.201612030230\lib\testng-remote.jar;C:\Users\dhavalsh\Desktop\eclipse\eclipse\workspace\Eifu_Aut\target\test-classes;C:\Users\dhavalsh\Desktop\eclipse\eclipse\workspace\Eifu_Aut\target\classes;C:\Users\dhavalsh\git\SFDC-Test-Scripts\com.okta\target\classes;C:\Users\dhavalsh\git\SFDC-Test-Scripts\com.okta\target\test-classes;C:\Users\dhavalsh\.m2\repository\org\seleniumhq\selenium\selenium-java\3.0.1\selenium-java-3.0.1.jar;C:\Users\dhavalsh\.m2\repository\org\seleniumhq\selenium\selenium-chrome-driver\3.0.1\selenium-chrome-driver-3.0.1.jar;C:\Users\dhavalsh\.m2\repository\org\seleniumhq\selenium\selenium-remote-driver\3.0.1\selenium-remote-driver-3.0.1.jar;C:\Users\dhavalsh\.m2\repository\org\seleniumhq\selenium\selenium-api\3.0.1\selenium-api-3.0.1.jar;C:\Users\dhavalsh\.m2\repository\cglib\cglib-nodep\3.2.4\cglib-nodep-3.2.4.jar;C:\Users\dhavalsh\.m2\repository\org\apache\commons\commons-exec\1.3\commons-exec-1.3.jar;C:\Users\dhavalsh\.m2\repository\com\google\code\gson\gson\2.3.1\gson-2.3.1.jar;C:\Users\dhavalsh\.m2\repository\com\google\guava\guava\19.0\guava-19.0.jar;C:\Users\dhavalsh\.m2\repository\net\java\dev\jna\jna-platform\4.1.0\jna-platform-4.1.0.jar;C:\Users\dhavalsh\.m2\repository\net\java\dev\jna\jna\4.1.0\jna-4.1.0.jar;C:\Users\dhavalsh\.m2\repository\org\seleniumhq\selenium\selenium-edge-driver\3.0.1\selenium-edge-driver-3.0.1.jar;C:\Users\dhavalsh\.m2\repository\org\seleniumhq\selenium\selenium-firefox-driver\3.0.1\selenium-firefox-driver-3.0.1.jar;C:\Users\dhavalsh\.m2\repository\org\seleniumhq\selenium\selenium-ie-driver\3.0.1\selenium-ie-driver-3.0.1.jar;C:\Users\dhavalsh\.m2\repository\org\seleniumhq\selenium\selenium-opera-driver\3.0.1\selenium-opera-driver-3.0.1.jar;C:\Users\dhavalsh\.m2\repository\org\seleniumhq\selenium\selenium-safari-driver\3.0.1\selenium-safari-driver-3.0.1.jar;C:\Users\dhavalsh\.m2\repository\io\netty\netty\3.5.7.Fina
Launcher Type: SUN_STANDARD

Environment Variables:
JAVA_HOME=C:\Program Files\Java\jdk1.8.0_73;C:\geckodriver.exe
JAVA_TOOL_OPTIONS=-agentlib:jvmhook
_JAVA_OPTIONS=-Xrunjvmhook -Xbootclasspath/a:"C:\Program Files (x86)\HP\Unified Functional Testing\bin\java_shared\classes";"C:\Program Files (x86)\HP\Unified Functional Testing\bin\java_shared\classes\jasmine.jar"
USERNAME=DhavalSh
OS=Windows_NT
PROCESSOR_IDENTIFIER=Intel64 Family 6 Model 58 Stepping 9, GenuineIntel



---------------  S Y S T E M  ---------------

OS: Windows 7 , 64 bit Build 7601 (6.1.7601.18229)

CPU:total 4 (2 cores per cpu, 2 threads per core) family 6 model 58 stepping 9, cmov, cx8, fxsr, mmx, sse, sse2, sse3, ssse3, sse4.1, sse4.2, popcnt, avx, aes, clmul, erms, ht, tsc, tscinvbit, tscinv

Memory: 4k page, physical 8256676k(1305788k free), swap 16511496k(7005772k free)

vm_info: Java HotSpot(TM) Client VM (25.121-b13) for windows-x86 JRE (1.8.0_121-b13), built on Dec 12 2016 18:17:00 by "java_re" with MS VC++ 10.0 (VS2010)

time: Sun Feb 19 10:30:48 2017
elapsed time: 15 seconds (0d 0h 0m 15s)

