#
# A fatal error has been detected by the Java Runtime Environment:
#
#  EXCEPTION_ACCESS_VIOLATION (0xc0000005) at pc=0x1776b4e7, pid=15140, tid=0x00005b74
#
# JRE version: Java(TM) SE Runtime Environment (8.0_121-b13) (build 1.8.0_121-b13)
# Java VM: Java HotSpot(TM) Client VM (25.121-b13 mixed mode windows-x86 )
# Problematic frame:
# C  [OTACLI~1.DLL+0x7b4e7]
#
# Failed to write core dump. Minidumps are not enabled by default on client versions of Windows
#
# If you would like to submit a bug report, please visit:
#   http://bugreport.java.com/bugreport/crash.jsp
#

---------------  T H R E A D  ---------------

Current thread (0x15252000):  VMThread [stack: 0x150f0000,0x15140000] [id=23412]

siginfo: ExceptionCode=0xc0000005, reading address 0x18279af4

Registers:
EAX=0x00002088, EBX=0x1807c728, ECX=0x18073e38, EDX=0x000a0c1e
ESP=0x1513f590, EBP=0x1513f5c0, ESI=0x18279af4, EDI=0x00000000
EIP=0x1776b4e7, EFLAGS=0x00010202

Top of Stack: (sp=0x1513f590)
0x1513f590:   1a21fa80 178fba70 1a21fa80 178fb927
0x1513f5a0:   e13a0702 00000000 1a21fa78 1807c728
0x1513f5b0:   1a21fa80 1513f5d8 17a7c4d6 00000000
0x1513f5c0:   1513f5e4 1790b683 e13a0726 00000000
0x1513f5d0:   1a21fa78 1807c728 1513f624 17a7f7e2
0x1513f5e0:   00000000 1513f630 17947190 1a21fa78
0x1513f5f0:   1a21fa78 17948c21 1a21fa78 17947c20
0x1513f600:   00000001 1807c570 768f13e0 1790c01a 

Instructions: (pc=0x1776b4e7)
0x1776b4c7:   46 10 85 c0 74 06 8b 08 50 ff 51 08 8b 46 0c 85
0x1776b4d7:   c0 74 06 8b 08 50 ff 51 08 8b 76 04 85 f6 74 06
0x1776b4e7:   8b 06 56 ff 50 08 5e c3 51 80 7e 08 00 75 22 8b
0x1776b4f7:   46 0c 8b 48 0c 85 c9 74 0d 8b 01 ff 10 8b 40 04 


Register to memory mapping:

EAX=
[error occurred during error reporting (printing register info), id 0xc0000005]

Stack: [0x150f0000,0x15140000],  sp=0x1513f590,  free space=317k
Native frames: (J=compiled Java code, j=interpreted, Vv=VM code, C=native code)
C  [OTACLI~1.DLL+0x7b4e7]
C  [OTACLI~1.DLL+0x21b683]
C  [OTACLI~1.DLL+0x257190]
C  [OTACLI~1.DLL+0xdd442]
C  [OTACLI~1.DLL+0x56efc]
C  [OTACLI~1.DLL+0x209c44]
C  [OTACLI~1.DLL+0xc7393]
C  [OTACLI~1.DLL+0x36f4e8]
C  [OTACLI~1.DLL+0x36afc0]
C  [OTACLI~1.DLL+0x36b02b]
C  [ntdll.dll+0x399a0]
C  [ntdll.dll+0x4d702]
C  [ntdll.dll+0x4d5a4]
C  [kernel32.dll+0x179c5]
C  [msvcr100.dll+0x27997]
C  [msvcr100.dll+0x27ab0]
C  [msvcr100.dll+0x27b1d]
V  [jvm.dll+0x159492]
V  [jvm.dll+0x1830ad]
V  [jvm.dll+0x182511]
V  [jvm.dll+0x182927]
V  [jvm.dll+0x182b22]
V  [jvm.dll+0x1c2ae6]
C  [msvcr100.dll+0x5c556]
C  [msvcr100.dll+0x5c600]
C  [kernel32.dll+0x1336a]
C  [ntdll.dll+0x39f72]
C  [ntdll.dll+0x39f45]

VM_Operation (0x027df770): Exit, mode: safepoint, requested by thread 0x02273400


---------------  P R O C E S S  ---------------

Java Threads: ( => current thread )
  0x16169400 JavaThread "UrlChecker-2" daemon [_thread_blocked, id=13864, stack(0x16fa0000,0x16ff0000)]
  0x15292400 JavaThread "Service Thread" daemon [_thread_blocked, id=12892, stack(0x159a0000,0x159f0000)]
  0x1528b400 JavaThread "C1 CompilerThread0" daemon [_thread_blocked, id=17096, stack(0x157f0000,0x15840000)]
  0x15296000 JavaThread "Attach Listener" daemon [_thread_blocked, id=22096, stack(0x156b0000,0x15700000)]
  0x1527f000 JavaThread "Finalizer" daemon [_thread_blocked, id=23408, stack(0x154b0000,0x15500000)]
  0x1527a400 JavaThread "Reference Handler" daemon [_thread_blocked, id=18368, stack(0x150a0000,0x150f0000)]
  0x02273400 JavaThread "main" [_thread_blocked, id=19752, stack(0x02790000,0x027e0000)]

Other Threads:
=>0x15252000 VMThread [stack: 0x150f0000,0x15140000] [id=23412]

VM state:at safepoint (shutting down)

VM Mutex/Monitor currently owned by a thread:  ([mutex/lock_event])
[0x022717c0] Threads_lock - owner thread: 0x15252000

Heap:
 def new generation   total 4928K, used 1285K [0x04c00000, 0x05150000, 0x0a150000)
  eden space 4416K,  19% used [0x04c00000, 0x04cd8eb8, 0x05050000)
  from space 512K,  81% used [0x050d0000, 0x05138868, 0x05150000)
  to   space 512K,   0% used [0x05050000, 0x05050000, 0x050d0000)
 tenured generation   total 10944K, used 6709K [0x0a150000, 0x0ac00000, 0x14c00000)
   the space 10944K,  61% used [0x0a150000, 0x0a7dd7b0, 0x0a7dd800, 0x0ac00000)
 Metaspace       used 10246K, capacity 10426K, committed 10496K, reserved 10624K

Card table byte_map: [0x00440000,0x004d0000] byte_map_base: 0x0041a000

Polling page: 0x00140000

CodeCache: size=32768Kb used=1591Kb max_used=1592Kb free=31176Kb
 bounds [0x02ab0000, 0x02c40000, 0x04ab0000]
 total_blobs=866 nmethods=676 adapters=121
 compilation: enabled

Compilation events (10 events):
Event: 16.139 Thread 0x1528b400  680             sun.misc.Resource::<init> (5 bytes)
Event: 16.139 Thread 0x1528b400 nmethod 680 0x02c3c888 code [0x02c3c980, 0x02c3ca00]
Event: 16.139 Thread 0x1528b400  681   !         sun.misc.URLClassPath$JarLoader::checkResource (55 bytes)
Event: 16.142 Thread 0x1528b400 nmethod 681 0x02c3ca48 code [0x02c3cb70, 0x02c3cde4]
Event: 16.142 Thread 0x1528b400  682             sun.net.www.protocol.jar.Handler::parseContextSpec (154 bytes)
Event: 16.143 Thread 0x1528b400 nmethod 682 0x02c3cfc8 code [0x02c3d200, 0x02c3d9dc]
Event: 16.144 Thread 0x1528b400  683             sun.misc.URLClassPath$JarLoader$2::<init> (26 bytes)
Event: 16.144 Thread 0x1528b400 nmethod 683 0x02c3e348 code [0x02c3e440, 0x02c3e500]
Event: 16.151 Thread 0x1528b400  684             java.util.regex.Pattern::peek (26 bytes)
Event: 16.152 Thread 0x1528b400 nmethod 684 0x02c22408 code [0x02c22510, 0x02c225ec]

GC Heap History (10 events):
Event: 2.534 GC heap before
{Heap before GC invocations=12 (full 0):
 def new generation   total 4928K, used 4928K [0x04c00000, 0x05150000, 0x0a150000)
  eden space 4416K, 100% used [0x04c00000, 0x05050000, 0x05050000)
  from space 512K, 100% used [0x05050000, 0x050d0000, 0x050d0000)
  to   space 512K,   0% used [0x050d0000, 0x050d0000, 0x05150000)
 tenured generation   total 10944K, used 6004K [0x0a150000, 0x0ac00000, 0x14c00000)
   the space 10944K,  54% used [0x0a150000, 0x0a72d2b8, 0x0a72d400, 0x0ac00000)
 Metaspace       used 8961K, capacity 9154K, committed 9216K, reserved 9600K
Event: 2.537 GC heap after
Heap after GC invocations=13 (full 0):
 def new generation   total 4928K, used 511K [0x04c00000, 0x05150000, 0x0a150000)
  eden space 4416K,   0% used [0x04c00000, 0x04c00000, 0x05050000)
  from space 512K,  99% used [0x050d0000, 0x0514fe08, 0x05150000)
  to   space 512K,   0% used [0x05050000, 0x05050000, 0x050d0000)
 tenured generation   total 10944K, used 6285K [0x0a150000, 0x0ac00000, 0x14c00000)
   the space 10944K,  57% used [0x0a150000, 0x0a7737e8, 0x0a773800, 0x0ac00000)
 Metaspace       used 8961K, capacity 9154K, committed 9216K, reserved 9600K
}
Event: 4.273 GC heap before
{Heap before GC invocations=13 (full 0):
 def new generation   total 4928K, used 4927K [0x04c00000, 0x05150000, 0x0a150000)
  eden space 4416K, 100% used [0x04c00000, 0x05050000, 0x05050000)
  from space 512K,  99% used [0x050d0000, 0x0514fe08, 0x05150000)
  to   space 512K,   0% used [0x05050000, 0x05050000, 0x050d0000)
 tenured generation   total 10944K, used 6285K [0x0a150000, 0x0ac00000, 0x14c00000)
   the space 10944K,  57% used [0x0a150000, 0x0a7737e8, 0x0a773800, 0x0ac00000)
 Metaspace       used 9260K, capacity 9474K, committed 9600K, reserved 9600K
Event: 4.275 GC heap after
Heap after GC invocations=14 (full 0):
 def new generation   total 4928K, used 419K [0x04c00000, 0x05150000, 0x0a150000)
  eden space 4416K,   0% used [0x04c00000, 0x04c00000, 0x05050000)
  from space 512K,  81% used [0x05050000, 0x050b8eb8, 0x050d0000)
  to   space 512K,   0% used [0x050d0000, 0x050d0000, 0x05150000)
 tenured generation   total 10944K, used 6357K [0x0a150000, 0x0ac00000, 0x14c00000)
   the space 10944K,  58% used [0x0a150000, 0x0a7856c8, 0x0a785800, 0x0ac00000)
 Metaspace       used 9260K, capacity 9474K, committed 9600K, reserved 9600K
}
Event: 15.711 GC heap before
{Heap before GC invocations=14 (full 0):
 def new generation   total 4928K, used 4835K [0x04c00000, 0x05150000, 0x0a150000)
  eden space 4416K, 100% used [0x04c00000, 0x05050000, 0x05050000)
  from space 512K,  81% used [0x05050000, 0x050b8eb8, 0x050d0000)
  to   space 512K,   0% used [0x050d0000, 0x050d0000, 0x05150000)
 tenured generation   total 10944K, used 6357K [0x0a150000, 0x0ac00000, 0x14c00000)
   the space 10944K,  58% used [0x0a150000, 0x0a7856c8, 0x0a785800, 0x0ac00000)
 Metaspace       used 9541K, capacity 9733K, committed 9856K, reserved 10624K
Event: 15.713 GC heap after
Heap after GC invocations=15 (full 0):
 def new generation   total 4928K, used 454K [0x04c00000, 0x05150000, 0x0a150000)
  eden space 4416K,   0% used [0x04c00000, 0x04c00000, 0x05050000)
  from space 512K,  88% used [0x050d0000, 0x05141b40, 0x05150000)
  to   space 512K,   0% used [0x05050000, 0x05050000, 0x050d0000)
 tenured generation   total 10944K, used 6432K [0x0a150000, 0x0ac00000, 0x14c00000)
   the space 10944K,  58% used [0x0a150000, 0x0a7983a0, 0x0a798400, 0x0ac00000)
 Metaspace       used 9541K, capacity 9733K, committed 9856K, reserved 10624K
}
Event: 15.827 GC heap before
{Heap before GC invocations=15 (full 0):
 def new generation   total 4928K, used 4870K [0x04c00000, 0x05150000, 0x0a150000)
  eden space 4416K, 100% used [0x04c00000, 0x05050000, 0x05050000)
  from space 512K,  88% used [0x050d0000, 0x05141b40, 0x05150000)
  to   space 512K,   0% used [0x05050000, 0x05050000, 0x050d0000)
 tenured generation   total 10944K, used 6432K [0x0a150000, 0x0ac00000, 0x14c00000)
   the space 10944K,  58% used [0x0a150000, 0x0a7983a0, 0x0a798400, 0x0ac00000)
 Metaspace       used 9989K, capacity 10170K, committed 10240K, reserved 10624K
Event: 15.829 GC heap after
Heap after GC invocations=16 (full 0):
 def new generation   total 4928K, used 434K [0x04c00000, 0x05150000, 0x0a150000)
  eden space 4416K,   0% used [0x04c00000, 0x04c00000, 0x05050000)
  from space 512K,  84% used [0x05050000, 0x050bca50, 0x050d0000)
  to   space 512K,   0% used [0x050d0000, 0x050d0000, 0x05150000)
 tenured generation   total 10944K, used 6596K [0x0a150000, 0x0ac00000, 0x14c00000)
   the space 10944K,  60% used [0x0a150000, 0x0a7c12b0, 0x0a7c1400, 0x0ac00000)
 Metaspace       used 9989K, capacity 10170K, committed 10240K, reserved 10624K
}
Event: 16.140 GC heap before
{Heap before GC invocations=16 (full 0):
 def new generation   total 4928K, used 4850K [0x04c00000, 0x05150000, 0x0a150000)
  eden space 4416K, 100% used [0x04c00000, 0x05050000, 0x05050000)
  from space 512K,  84% used [0x05050000, 0x050bca50, 0x050d0000)
  to   space 512K,   0% used [0x050d0000, 0x050d0000, 0x05150000)
 tenured generation   total 10944K, used 6596K [0x0a150000, 0x0ac00000, 0x14c00000)
   the space 10944K,  60% used [0x0a150000, 0x0a7c12b0, 0x0a7c1400, 0x0ac00000)
 Metaspace       used 10225K, capacity 10426K, committed 10496K, reserved 10624K
Event: 16.142 GC heap after
Heap after GC invocations=17 (full 0):
 def new generation   total 4928K, used 418K [0x04c00000, 0x05150000, 0x0a150000)
  eden space 4416K,   0% used [0x04c00000, 0x04c00000, 0x05050000)
  from space 512K,  81% used [0x050d0000, 0x05138868, 0x05150000)
  to   space 512K,   0% used [0x05050000, 0x05050000, 0x050d0000)
 tenured generation   total 10944K, used 6709K [0x0a150000, 0x0ac00000, 0x14c00000)
   the space 10944K,  61% used [0x0a150000, 0x0a7dd7b0, 0x0a7dd800, 0x0ac00000)
 Metaspace       used 10225K, capacity 10426K, committed 10496K, reserved 10624K
}

Deoptimization events (0 events):
No events

Internal exceptions (10 events):
Event: 2.377 Thread 0x02273400 Exception <a 'java/lang/ArrayIndexOutOfBoundsException'> (0x04daa6a0) thrown at [C:\workspace\8-2-build-windows-i586-cygwin\jdk8u121\8372\hotspot\src\share\vm\runtime\sharedRuntime.cpp, line 605]
Event: 2.389 Thread 0x02273400 Exception <a 'java/lang/ArrayIndexOutOfBoundsException'> (0x04e13050) thrown at [C:\workspace\8-2-build-windows-i586-cygwin\jdk8u121\8372\hotspot\src\share\vm\runtime\sharedRuntime.cpp, line 605]
Event: 2.390 Thread 0x02273400 Exception <a 'java/lang/ArrayIndexOutOfBoundsException'> (0x04e1b8a0) thrown at [C:\workspace\8-2-build-windows-i586-cygwin\jdk8u121\8372\hotspot\src\share\vm\runtime\sharedRuntime.cpp, line 605]
Event: 2.390 Thread 0x02273400 Exception <a 'java/lang/ArrayIndexOutOfBoundsException'> (0x04e1d138) thrown at [C:\workspace\8-2-build-windows-i586-cygwin\jdk8u121\8372\hotspot\src\share\vm\runtime\sharedRuntime.cpp, line 605]
Event: 2.391 Thread 0x02273400 Exception <a 'java/lang/ArrayIndexOutOfBoundsException'> (0x04e25d60) thrown at [C:\workspace\8-2-build-windows-i586-cygwin\jdk8u121\8372\hotspot\src\share\vm\runtime\sharedRuntime.cpp, line 605]
Event: 10.946 Thread 0x02273400 Exception <a 'com/jacob/com/ComFailException'> (0x04fcc5c8) thrown at [C:\workspace\8-2-build-windows-i586-cygwin\jdk8u121\8372\hotspot\src\share\vm\prims\jni.cpp, line 709]
Event: 15.106 Thread 0x02273400 Exception <a 'java/lang/NullPointerException'> (0x04fd9c80) thrown at [C:\workspace\8-2-build-windows-i586-cygwin\jdk8u121\8372\hotspot\src\share\vm\interpreter\linkResolver.cpp, line 1280]
Event: 15.106 Thread 0x02273400 Exception <a 'java/lang/reflect/InvocationTargetException'> (0x04fd9e80) thrown at [C:\workspace\8-2-build-windows-i586-cygwin\jdk8u121\8372\hotspot\src\share\vm\runtime\reflection.cpp, line 1092]
Event: 15.708 Thread 0x16169400 Exception <a 'java/net/SocketTimeoutException': connect timed out> (0x05034688) thrown at [C:\workspace\8-2-build-windows-i586-cygwin\jdk8u121\8372\hotspot\src\share\vm\prims\jni.cpp, line 735]
Event: 15.823 Thread 0x02273400 Exception <a 'java/lang/UnsatisfiedLinkError': The specified procedure could not be found.
> (0x0501a818) thrown at [C:\workspace\8-2-build-windows-i586-cygwin\jdk8u121\8372\hotspot\src\share\vm\prims\jni.cpp, line 735]

Events (10 events):
Event: 16.163 loading class java/util/IdentityHashMap$KeyIterator
Event: 16.163 loading class java/util/IdentityHashMap$IdentityHashMapIterator
Event: 16.163 loading class java/util/IdentityHashMap$IdentityHashMapIterator done
Event: 16.163 loading class java/util/IdentityHashMap$KeyIterator done
Event: 16.163 Thread 0x1536a000 Thread added: 0x1536a000
Event: 16.164 Executing VM operation: RevokeBias
Event: 16.179 Executing VM operation: RevokeBias done
Event: 16.179 Thread 0x1536a000 Thread exited: 0x1536a000
Event: 16.180 Thread 0x15295000 Thread exited: 0x15295000
Event: 16.180 Executing VM operation: Exit


Dynamic libraries:
0x00160000 - 0x00193000 	C:\Program Files (x86)\Java\jre1.8.0_121\bin\javaw.exe
0x77150000 - 0x772d0000 	C:\windows\SysWOW64\ntdll.dll
0x768e0000 - 0x769f0000 	C:\windows\syswow64\kernel32.dll
0x74b20000 - 0x74b67000 	C:\windows\syswow64\KERNELBASE.dll
0x74bf0000 - 0x74c90000 	C:\windows\syswow64\ADVAPI32.dll
0x75280000 - 0x7532c000 	C:\windows\syswow64\msvcrt.dll
0x75260000 - 0x75279000 	C:\windows\SysWOW64\sechost.dll
0x75850000 - 0x75940000 	C:\windows\syswow64\RPCRT4.dll
0x74ac0000 - 0x74b20000 	C:\windows\syswow64\SspiCli.dll
0x74ab0000 - 0x74abc000 	C:\windows\syswow64\CRYPTBASE.dll
0x76c50000 - 0x76d50000 	C:\windows\syswow64\USER32.dll
0x757b0000 - 0x75840000 	C:\windows\syswow64\GDI32.dll
0x76a00000 - 0x76a0a000 	C:\windows\syswow64\LPK.dll
0x76840000 - 0x768dd000 	C:\windows\syswow64\USP10.dll
0x6cda0000 - 0x6cf3e000 	C:\windows\WinSxS\x86_microsoft.windows.common-controls_6595b64144ccf1df_6.0.7601.17514_none_41e6975e2bd6f2b2\COMCTL32.dll
0x74ed0000 - 0x74f27000 	C:\windows\syswow64\SHLWAPI.dll
0x765e0000 - 0x76640000 	C:\windows\system32\IMM32.DLL
0x76a30000 - 0x76afc000 	C:\windows\syswow64\MSCTF.dll
0x73660000 - 0x7368c000 	C:\windows\SysWOW64\nvinit.dll
0x67e20000 - 0x67edf000 	C:\Program Files (x86)\Java\jre1.8.0_121\bin\msvcr100.dll
0x023c0000 - 0x0278e000 	C:\Program Files (x86)\Java\jre1.8.0_121\bin\client\jvm.dll
0x72cc0000 - 0x72cc7000 	C:\windows\system32\WSOCK32.dll
0x76640000 - 0x76675000 	C:\windows\syswow64\WS2_32.dll
0x76b40000 - 0x76b46000 	C:\windows\syswow64\NSI.dll
0x6c750000 - 0x6c782000 	C:\windows\system32\WINMM.dll
0x739a0000 - 0x739a9000 	C:\windows\system32\VERSION.dll
0x754d0000 - 0x754d5000 	C:\windows\syswow64\PSAPI.DLL
0x717a0000 - 0x717ac000 	C:\Program Files (x86)\Java\jre1.8.0_121\bin\verify.dll
0x6d7d0000 - 0x6d7f1000 	C:\Program Files (x86)\Java\jre1.8.0_121\bin\java.dll
0x6c680000 - 0x6c6ad000 	C:\windows\system32\jvmhook.dll
0x766e0000 - 0x7683c000 	C:\windows\syswow64\ole32.dll
0x74de0000 - 0x74e6f000 	C:\windows\syswow64\OLEAUT32.dll
0x6dad0000 - 0x6db55000 	C:\windows\system32\MSVCP110.dll
0x6d9f0000 - 0x6dac6000 	C:\windows\system32\MSVCR110.dll
0x6f150000 - 0x6f163000 	C:\Program Files (x86)\Java\jre1.8.0_121\bin\zip.dll
0x75950000 - 0x7659b000 	C:\windows\syswow64\SHELL32.dll
0x76a20000 - 0x76a2b000 	C:\windows\syswow64\profapi.dll
0x6f950000 - 0x6f966000 	C:\Program Files (x86)\Java\jre1.8.0_121\bin\net.dll
0x73530000 - 0x7356c000 	C:\windows\system32\mswsock.dll
0x72a00000 - 0x72a06000 	C:\windows\System32\wship6.dll
0x73520000 - 0x73525000 	C:\windows\System32\wshtcpip.dll
0x6d320000 - 0x6d364000 	C:\windows\system32\DNSAPI.dll
0x73310000 - 0x7332c000 	C:\windows\system32\IPHLPAPI.DLL
0x73300000 - 0x73307000 	C:\windows\system32\WINNSI.DLL
0x6d050000 - 0x6d056000 	C:\windows\system32\rasadhlp.dll
0x72940000 - 0x72978000 	C:\windows\System32\fwpuclnt.dll
0x73500000 - 0x73516000 	C:\windows\system32\CRYPTSP.dll
0x734c0000 - 0x734fb000 	C:\windows\system32\rsaenh.dll
0x76b20000 - 0x76b37000 	C:\windows\syswow64\USERENV.dll
0x73330000 - 0x73342000 	C:\windows\system32\dhcpcsvc.DLL
0x732f0000 - 0x732fd000 	C:\windows\system32\dhcpcsvc6.DLL
0x50000000 - 0x5000f000 	C:\Program Files (x86)\Java\jre1.8.0_121\bin\nio.dll
0x6f510000 - 0x6f530000 	C:\Program Files (x86)\Java\jre1.8.0_121\bin\sunec.dll
0x6d2c0000 - 0x6d30c000 	C:\windows\system32\apphelp.dll
0x00280000 - 0x002af000 	C:\Users\dhavalsh\Desktop\jacob-1.18\jacob-1.18-x86.dll
0x754e0000 - 0x75563000 	C:\windows\syswow64\CLBCatQ.DLL
0x72cd0000 - 0x72cde000 	C:\windows\system32\RpcRtRemote.dll
0x176f0000 - 0x17f76000 	C:\PROGRA~2\HP\OTACLI~1.DLL
0x74f30000 - 0x75050000 	C:\windows\syswow64\CRYPT32.dll
0x75940000 - 0x7594c000 	C:\windows\syswow64\MSASN1.dll
0x6c2b0000 - 0x6c30f000 	C:\windows\system32\SXS.DLL
0x18150000 - 0x18261000 	C:\ProgramData\HP\ALM-Client\12.50.1.0_952\WebClient.dll
0x75050000 - 0x7525d000 	C:\windows\syswow64\wininet.dll
0x76a10000 - 0x76a14000 	C:\windows\syswow64\api-ms-win-downlevel-user32-l1-1-0.dll
0x77120000 - 0x77124000 	C:\windows\syswow64\api-ms-win-downlevel-shlwapi-l1-1-0.dll
0x769f0000 - 0x769f4000 	C:\windows\syswow64\api-ms-win-downlevel-version-l1-1-0.dll
0x75840000 - 0x75843000 	C:\windows\syswow64\api-ms-win-downlevel-normaliz-l1-1-0.dll
0x765a0000 - 0x765a3000 	C:\windows\syswow64\normaliz.DLL
0x75570000 - 0x757a4000 	C:\windows\syswow64\iertutil.dll
0x76b10000 - 0x76b15000 	C:\windows\syswow64\api-ms-win-downlevel-advapi32-l1-1-0.dll
0x69b60000 - 0x69c58000 	C:\windows\system32\Cryptui.dll
0x72f20000 - 0x72f78000 	C:\windows\system32\winhttp.dll
0x72ed0000 - 0x72f1f000 	C:\windows\system32\webio.dll
0x60870000 - 0x60889000 	C:\windows\system32\olepro32.dll
0x6bd40000 - 0x6bd48000 	C:\windows\system32\Secur32.dll
0x72510000 - 0x72514000 	C:\windows\system32\api-ms-win-downlevel-advapi32-l2-1-0.dll
0x76b00000 - 0x76b04000 	C:\windows\syswow64\api-ms-win-downlevel-ole32-l1-1-0.dll
0x74c90000 - 0x74ddb000 	C:\windows\syswow64\urlmon.dll
0x68c70000 - 0x68c74000 	C:\windows\system32\api-ms-win-downlevel-shlwapi-l2-1-0.dll
0x6b8c0000 - 0x6b8c8000 	C:\windows\system32\credssp.dll
0x76680000 - 0x766a7000 	C:\windows\syswow64\CFGMGR32.dll
0x151c0000 - 0x151fd000 	C:\Users\dhavalsh\AppData\Local\Temp\jna--1047879879\jna5291505870216831917.dll
0x6bf30000 - 0x6bf40000 	C:\windows\system32\NLAapi.dll
0x6bf20000 - 0x6bf30000 	C:\windows\system32\napinsp.dll
0x6bf00000 - 0x6bf12000 	C:\windows\system32\pnrpnsp.dll
0x6bef0000 - 0x6bef8000 	C:\windows\System32\winrnr.dll
0x6bee0000 - 0x6beed000 	C:\windows\system32\wshbth.dll
0x73570000 - 0x7365b000 	C:\windows\system32\dbghelp.dll

VM Arguments:
jvm_args: -agentlib:jvmhook -ea -Dfile.encoding=Cp1252 -Xrunjvmhook -Xbootclasspath/a:C:\Program Files (x86)\HP\Unified Functional Testing\bin\java_shared\classes;C:\Program Files (x86)\HP\Unified Functional Testing\bin\java_shared\classes\jasmine.jar 
java_command: org.testng.remote.RemoteTestNG -serport 65508 -protocol json -d C:\Users\dhavalsh\Desktop\eclipse\eclipse\workspace\Eifu_Aut\test-output C:\Users\dhavalsh\AppData\Local\Temp\testng-eclipse-529801256\testng-customsuite.xml
java_class_path (initial): C:\Users\dhavalsh\Desktop\eclipse\eclipse\plugins\org.testng.eclipse_6.10.0.201612030230\lib\testng-remote.jar;C:\Users\dhavalsh\Desktop\eclipse\eclipse\workspace\Eifu_Aut\target\test-classes;C:\Users\dhavalsh\Desktop\eclipse\eclipse\workspace\Eifu_Aut\target\classes;C:\Users\dhavalsh\git\SFDC-Test-Scripts\com.okta\target\classes;C:\Users\dhavalsh\git\SFDC-Test-Scripts\com.okta\target\test-classes;C:\Users\dhavalsh\.m2\repository\org\seleniumhq\selenium\selenium-java\3.0.1\selenium-java-3.0.1.jar;C:\Users\dhavalsh\.m2\repository\org\seleniumhq\selenium\selenium-chrome-driver\3.0.1\selenium-chrome-driver-3.0.1.jar;C:\Users\dhavalsh\.m2\repository\org\seleniumhq\selenium\selenium-remote-driver\3.0.1\selenium-remote-driver-3.0.1.jar;C:\Users\dhavalsh\.m2\repository\org\seleniumhq\selenium\selenium-api\3.0.1\selenium-api-3.0.1.jar;C:\Users\dhavalsh\.m2\repository\cglib\cglib-nodep\3.2.4\cglib-nodep-3.2.4.jar;C:\Users\dhavalsh\.m2\repository\org\apache\commons\commons-exec\1.3\commons-exec-1.3.jar;C:\Users\dhavalsh\.m2\repository\com\google\code\gson\gson\2.3.1\gson-2.3.1.jar;C:\Users\dhavalsh\.m2\repository\com\google\guava\guava\19.0\guava-19.0.jar;C:\Users\dhavalsh\.m2\repository\net\java\dev\jna\jna-platform\4.1.0\jna-platform-4.1.0.jar;C:\Users\dhavalsh\.m2\repository\net\java\dev\jna\jna\4.1.0\jna-4.1.0.jar;C:\Users\dhavalsh\.m2\repository\org\seleniumhq\selenium\selenium-edge-driver\3.0.1\selenium-edge-driver-3.0.1.jar;C:\Users\dhavalsh\.m2\repository\org\seleniumhq\selenium\selenium-firefox-driver\3.0.1\selenium-firefox-driver-3.0.1.jar;C:\Users\dhavalsh\.m2\repository\org\seleniumhq\selenium\selenium-ie-driver\3.0.1\selenium-ie-driver-3.0.1.jar;C:\Users\dhavalsh\.m2\repository\org\seleniumhq\selenium\selenium-opera-driver\3.0.1\selenium-opera-driver-3.0.1.jar;C:\Users\dhavalsh\.m2\repository\org\seleniumhq\selenium\selenium-safari-driver\3.0.1\selenium-safari-driver-3.0.1.jar;C:\Users\dhavalsh\.m2\repository\io\netty\netty\3.5.7.Fina
Launcher Type: SUN_STANDARD

Environment Variables:
JAVA_HOME=C:\Program Files\Java\jdk1.8.0_73;C:\geckodriver.exe
JAVA_TOOL_OPTIONS=-agentlib:jvmhook
_JAVA_OPTIONS=-Xrunjvmhook -Xbootclasspath/a:"C:\Program Files (x86)\HP\Unified Functional Testing\bin\java_shared\classes";"C:\Program Files (x86)\HP\Unified Functional Testing\bin\java_shared\classes\jasmine.jar"
USERNAME=DhavalSh
OS=Windows_NT
PROCESSOR_IDENTIFIER=Intel64 Family 6 Model 58 Stepping 9, GenuineIntel



---------------  S Y S T E M  ---------------

OS: Windows 7 , 64 bit Build 7601 (6.1.7601.18229)

CPU:total 4 (2 cores per cpu, 2 threads per core) family 6 model 58 stepping 9, cmov, cx8, fxsr, mmx, sse, sse2, sse3, ssse3, sse4.1, sse4.2, popcnt, avx, aes, clmul, erms, ht, tsc, tscinvbit, tscinv

Memory: 4k page, physical 8256676k(1760864k free), swap 16511496k(7825544k free)

vm_info: Java HotSpot(TM) Client VM (25.121-b13) for windows-x86 JRE (1.8.0_121-b13), built on Dec 12 2016 18:17:00 by "java_re" with MS VC++ 10.0 (VS2010)

time: Mon Feb 20 13:29:58 2017
elapsed time: 16 seconds (0d 0h 0m 16s)

