#
# A fatal error has been detected by the Java Runtime Environment:
#
#  EXCEPTION_ACCESS_VIOLATION (0xc0000005) at pc=0x1751b4e7, pid=19136, tid=0x00004ab8
#
# JRE version: Java(TM) SE Runtime Environment (8.0_121-b13) (build 1.8.0_121-b13)
# Java VM: Java HotSpot(TM) Client VM (25.121-b13 mixed mode windows-x86 )
# Problematic frame:
# C  [OTACLI~1.DLL+0x7b4e7]
#
# Failed to write core dump. Minidumps are not enabled by default on client versions of Windows
#
# If you would like to submit a bug report, please visit:
#   http://bugreport.java.com/bugreport/crash.jsp
#

---------------  T H R E A D  ---------------

Current thread (0x15252000):  VMThread [stack: 0x15160000,0x151b0000] [id=19128]

siginfo: ExceptionCode=0xc0000005, reading address 0x18049af4

Registers:
EAX=0x00002088, EBX=0x17d5c728, ECX=0x17d53e38, EDX=0x003a0b93
ESP=0x151af810, EBP=0x151af840, ESI=0x18049af4, EDI=0x00000000
EIP=0x1751b4e7, EFLAGS=0x00010202

Top of Stack: (sp=0x151af810)
0x151af810:   18a6ed18 176aba70 18a6ed18 176ab927
0x151af820:   7cbe5172 00000000 18a6ed10 17d5c728
0x151af830:   18a6ed18 151af858 1782c4d6 00000000
0x151af840:   151af864 176bb683 7cbe5156 00000000
0x151af850:   18a6ed10 17d5c728 151af8a4 1782f7e2
0x151af860:   00000000 151af8b0 176f7190 18a6ed10
0x151af870:   18a6ed10 176f8c21 18a6ed10 176f7c20
0x151af880:   00000001 17d5c570 768f13e0 176bc01a 

Instructions: (pc=0x1751b4e7)
0x1751b4c7:   46 10 85 c0 74 06 8b 08 50 ff 51 08 8b 46 0c 85
0x1751b4d7:   c0 74 06 8b 08 50 ff 51 08 8b 76 04 85 f6 74 06
0x1751b4e7:   8b 06 56 ff 50 08 5e c3 51 80 7e 08 00 75 22 8b
0x1751b4f7:   46 0c 8b 48 0c 85 c9 74 0d 8b 01 ff 10 8b 40 04 


Register to memory mapping:

EAX=
[error occurred during error reporting (printing register info), id 0xc0000005]

Stack: [0x15160000,0x151b0000],  sp=0x151af810,  free space=318k
Native frames: (J=compiled Java code, j=interpreted, Vv=VM code, C=native code)
C  [OTACLI~1.DLL+0x7b4e7]
C  [OTACLI~1.DLL+0x21b683]
C  [OTACLI~1.DLL+0x257190]
C  [OTACLI~1.DLL+0xdd442]
C  [OTACLI~1.DLL+0x56efc]
C  [OTACLI~1.DLL+0x209c44]
C  [OTACLI~1.DLL+0xc7393]
C  [OTACLI~1.DLL+0x36f4e8]
C  [OTACLI~1.DLL+0x36afc0]
C  [OTACLI~1.DLL+0x36b02b]
C  [ntdll.dll+0x399a0]
C  [ntdll.dll+0x4d702]
C  [ntdll.dll+0x4d5a4]
C  [kernel32.dll+0x179c5]
C  [msvcr100.dll+0x27997]
C  [msvcr100.dll+0x27ab0]
C  [msvcr100.dll+0x27b1d]
V  [jvm.dll+0x159492]
V  [jvm.dll+0x1830ad]
V  [jvm.dll+0x182511]
V  [jvm.dll+0x182927]
V  [jvm.dll+0x182b22]
V  [jvm.dll+0x1c2ae6]
C  [msvcr100.dll+0x5c556]
C  [msvcr100.dll+0x5c600]
C  [kernel32.dll+0x1336a]
C  [ntdll.dll+0x39f72]
C  [ntdll.dll+0x39f45]

VM_Operation (0x00b7f760): Exit, mode: safepoint, requested by thread 0x00493400


---------------  P R O C E S S  ---------------

Java Threads: ( => current thread )
  0x161b0400 JavaThread "UrlChecker-2" daemon [_thread_blocked, id=19780, stack(0x16c90000,0x16ce0000)]
  0x152cb400 JavaThread "Service Thread" daemon [_thread_blocked, id=18440, stack(0x158c0000,0x15910000)]
  0x1528f800 JavaThread "C1 CompilerThread0" daemon [_thread_blocked, id=15732, stack(0x15800000,0x15850000)]
  0x1528d400 JavaThread "Attach Listener" daemon [_thread_blocked, id=19372, stack(0x15640000,0x15690000)]
  0x1527f000 JavaThread "Finalizer" daemon [_thread_blocked, id=17836, stack(0x15110000,0x15160000)]
  0x1527a400 JavaThread "Reference Handler" daemon [_thread_blocked, id=18496, stack(0x15490000,0x154e0000)]
  0x00493400 JavaThread "main" [_thread_blocked, id=18548, stack(0x00b30000,0x00b80000)]

Other Threads:
=>0x15252000 VMThread [stack: 0x15160000,0x151b0000] [id=19128]

VM state:at safepoint (shutting down)

VM Mutex/Monitor currently owned by a thread:  ([mutex/lock_event])
[0x004917c0] Threads_lock - owner thread: 0x15252000

Heap:
 def new generation   total 4928K, used 1353K [0x04c00000, 0x05150000, 0x0a150000)
  eden space 4416K,  21% used [0x04c00000, 0x04cea388, 0x05050000)
  from space 512K,  81% used [0x050d0000, 0x051382f0, 0x05150000)
  to   space 512K,   0% used [0x05050000, 0x05050000, 0x050d0000)
 tenured generation   total 10944K, used 6693K [0x0a150000, 0x0ac00000, 0x14c00000)
   the space 10944K,  61% used [0x0a150000, 0x0a7d9758, 0x0a7d9800, 0x0ac00000)
 Metaspace       used 10248K, capacity 10426K, committed 10496K, reserved 10624K

Card table byte_map: [0x00fd0000,0x01060000] byte_map_base: 0x00faa000

Polling page: 0x00130000

CodeCache: size=32768Kb used=1594Kb max_used=1594Kb free=31173Kb
 bounds [0x02b40000, 0x02cd0000, 0x04b40000]
 total_blobs=871 nmethods=681 adapters=121
 compilation: enabled

Compilation events (10 events):
Event: 15.638 Thread 0x1528f800  685             sun.misc.Resource::<init> (5 bytes)
Event: 15.639 Thread 0x1528f800 nmethod 685 0x02cb3348 code [0x02cb3440, 0x02cb34c0]
Event: 15.639 Thread 0x1528f800  686   !         sun.misc.URLClassPath$JarLoader::checkResource (55 bytes)
Event: 15.639 Thread 0x1528f800 nmethod 686 0x02cb2dc8 code [0x02cb2ef0, 0x02cb3164]
Event: 15.639 Thread 0x1528f800  687             sun.net.www.protocol.jar.Handler::parseContextSpec (154 bytes)
Event: 15.640 Thread 0x1528f800 nmethod 687 0x02ccd2c8 code [0x02ccd500, 0x02ccdcdc]
Event: 15.640 Thread 0x1528f800  688             sun.misc.URLClassPath$JarLoader$2::<init> (26 bytes)
Event: 15.640 Thread 0x1528f800 nmethod 688 0x02cce648 code [0x02cce740, 0x02cce800]
Event: 15.640 Thread 0x1528f800  689             java.util.regex.Pattern::peek (26 bytes)
Event: 15.640 Thread 0x1528f800 nmethod 689 0x02cce848 code [0x02cce950, 0x02ccea2c]

GC Heap History (10 events):
Event: 2.539 GC heap before
{Heap before GC invocations=12 (full 0):
 def new generation   total 4928K, used 4927K [0x04c00000, 0x05150000, 0x0a150000)
  eden space 4416K, 100% used [0x04c00000, 0x05050000, 0x05050000)
  from space 512K,  99% used [0x05050000, 0x050cfff8, 0x050d0000)
  to   space 512K,   0% used [0x050d0000, 0x050d0000, 0x05150000)
 tenured generation   total 10944K, used 6003K [0x0a150000, 0x0ac00000, 0x14c00000)
   the space 10944K,  54% used [0x0a150000, 0x0a72cf68, 0x0a72d000, 0x0ac00000)
 Metaspace       used 8963K, capacity 9154K, committed 9216K, reserved 9600K
Event: 2.542 GC heap after
Heap after GC invocations=13 (full 0):
 def new generation   total 4928K, used 511K [0x04c00000, 0x05150000, 0x0a150000)
  eden space 4416K,   0% used [0x04c00000, 0x04c00000, 0x05050000)
  from space 512K,  99% used [0x050d0000, 0x0514fda8, 0x05150000)
  to   space 512K,   0% used [0x05050000, 0x05050000, 0x050d0000)
 tenured generation   total 10944K, used 6288K [0x0a150000, 0x0ac00000, 0x14c00000)
   the space 10944K,  57% used [0x0a150000, 0x0a774040, 0x0a774200, 0x0ac00000)
 Metaspace       used 8963K, capacity 9154K, committed 9216K, reserved 9600K
}
Event: 4.228 GC heap before
{Heap before GC invocations=13 (full 0):
 def new generation   total 4928K, used 4927K [0x04c00000, 0x05150000, 0x0a150000)
  eden space 4416K, 100% used [0x04c00000, 0x05050000, 0x05050000)
  from space 512K,  99% used [0x050d0000, 0x0514fda8, 0x05150000)
  to   space 512K,   0% used [0x05050000, 0x05050000, 0x050d0000)
 tenured generation   total 10944K, used 6288K [0x0a150000, 0x0ac00000, 0x14c00000)
   the space 10944K,  57% used [0x0a150000, 0x0a774040, 0x0a774200, 0x0ac00000)
 Metaspace       used 9262K, capacity 9474K, committed 9600K, reserved 9600K
Event: 4.230 GC heap after
Heap after GC invocations=14 (full 0):
 def new generation   total 4928K, used 418K [0x04c00000, 0x05150000, 0x0a150000)
  eden space 4416K,   0% used [0x04c00000, 0x04c00000, 0x05050000)
  from space 512K,  81% used [0x05050000, 0x050b8a30, 0x050d0000)
  to   space 512K,   0% used [0x050d0000, 0x050d0000, 0x05150000)
 tenured generation   total 10944K, used 6360K [0x0a150000, 0x0ac00000, 0x14c00000)
   the space 10944K,  58% used [0x0a150000, 0x0a786070, 0x0a786200, 0x0ac00000)
 Metaspace       used 9262K, capacity 9474K, committed 9600K, reserved 9600K
}
Event: 15.184 GC heap before
{Heap before GC invocations=14 (full 0):
 def new generation   total 4928K, used 4834K [0x04c00000, 0x05150000, 0x0a150000)
  eden space 4416K, 100% used [0x04c00000, 0x05050000, 0x05050000)
  from space 512K,  81% used [0x05050000, 0x050b8a30, 0x050d0000)
  to   space 512K,   0% used [0x050d0000, 0x050d0000, 0x05150000)
 tenured generation   total 10944K, used 6360K [0x0a150000, 0x0ac00000, 0x14c00000)
   the space 10944K,  58% used [0x0a150000, 0x0a786070, 0x0a786200, 0x0ac00000)
 Metaspace       used 9538K, capacity 9701K, committed 9728K, reserved 10624K
Event: 15.186 GC heap after
Heap after GC invocations=15 (full 0):
 def new generation   total 4928K, used 453K [0x04c00000, 0x05150000, 0x0a150000)
  eden space 4416K,   0% used [0x04c00000, 0x04c00000, 0x05050000)
  from space 512K,  88% used [0x050d0000, 0x051415e0, 0x05150000)
  to   space 512K,   0% used [0x05050000, 0x05050000, 0x050d0000)
 tenured generation   total 10944K, used 6434K [0x0a150000, 0x0ac00000, 0x14c00000)
   the space 10944K,  58% used [0x0a150000, 0x0a798a88, 0x0a798c00, 0x0ac00000)
 Metaspace       used 9538K, capacity 9701K, committed 9728K, reserved 10624K
}
Event: 15.310 GC heap before
{Heap before GC invocations=15 (full 0):
 def new generation   total 4928K, used 4869K [0x04c00000, 0x05150000, 0x0a150000)
  eden space 4416K, 100% used [0x04c00000, 0x05050000, 0x05050000)
  from space 512K,  88% used [0x050d0000, 0x051415e0, 0x05150000)
  to   space 512K,   0% used [0x05050000, 0x05050000, 0x050d0000)
 tenured generation   total 10944K, used 6434K [0x0a150000, 0x0ac00000, 0x14c00000)
   the space 10944K,  58% used [0x0a150000, 0x0a798a88, 0x0a798c00, 0x0ac00000)
 Metaspace       used 9991K, capacity 10170K, committed 10240K, reserved 10624K
Event: 15.311 GC heap after
Heap after GC invocations=16 (full 0):
 def new generation   total 4928K, used 436K [0x04c00000, 0x05150000, 0x0a150000)
  eden space 4416K,   0% used [0x04c00000, 0x04c00000, 0x05050000)
  from space 512K,  85% used [0x05050000, 0x050bd3e0, 0x050d0000)
  to   space 512K,   0% used [0x050d0000, 0x050d0000, 0x05150000)
 tenured generation   total 10944K, used 6579K [0x0a150000, 0x0ac00000, 0x14c00000)
   the space 10944K,  60% used [0x0a150000, 0x0a7bcf70, 0x0a7bd000, 0x0ac00000)
 Metaspace       used 9991K, capacity 10170K, committed 10240K, reserved 10624K
}
Event: 15.619 GC heap before
{Heap before GC invocations=16 (full 0):
 def new generation   total 4928K, used 4852K [0x04c00000, 0x05150000, 0x0a150000)
  eden space 4416K,  99% used [0x04c00000, 0x0504ff70, 0x05050000)
  from space 512K,  85% used [0x05050000, 0x050bd3e0, 0x050d0000)
  to   space 512K,   0% used [0x050d0000, 0x050d0000, 0x05150000)
 tenured generation   total 10944K, used 6579K [0x0a150000, 0x0ac00000, 0x14c00000)
   the space 10944K,  60% used [0x0a150000, 0x0a7bcf70, 0x0a7bd000, 0x0ac00000)
 Metaspace       used 10227K, capacity 10426K, committed 10496K, reserved 10624K
Event: 15.621 GC heap after
Heap after GC invocations=17 (full 0):
 def new generation   total 4928K, used 416K [0x04c00000, 0x05150000, 0x0a150000)
  eden space 4416K,   0% used [0x04c00000, 0x04c00000, 0x05050000)
  from space 512K,  81% used [0x050d0000, 0x051382f0, 0x05150000)
  to   space 512K,   0% used [0x05050000, 0x05050000, 0x050d0000)
 tenured generation   total 10944K, used 6693K [0x0a150000, 0x0ac00000, 0x14c00000)
   the space 10944K,  61% used [0x0a150000, 0x0a7d9758, 0x0a7d9800, 0x0ac00000)
 Metaspace       used 10227K, capacity 10426K, committed 10496K, reserved 10624K
}

Deoptimization events (0 events):
No events

Internal exceptions (10 events):
Event: 2.405 Thread 0x00493400 Exception <a 'java/lang/ArrayIndexOutOfBoundsException'> (0x04daef30) thrown at [C:\workspace\8-2-build-windows-i586-cygwin\jdk8u121\8372\hotspot\src\share\vm\runtime\sharedRuntime.cpp, line 605]
Event: 2.415 Thread 0x00493400 Exception <a 'java/lang/ArrayIndexOutOfBoundsException'> (0x04e172b8) thrown at [C:\workspace\8-2-build-windows-i586-cygwin\jdk8u121\8372\hotspot\src\share\vm\runtime\sharedRuntime.cpp, line 605]
Event: 2.416 Thread 0x00493400 Exception <a 'java/lang/ArrayIndexOutOfBoundsException'> (0x04e1fae8) thrown at [C:\workspace\8-2-build-windows-i586-cygwin\jdk8u121\8372\hotspot\src\share\vm\runtime\sharedRuntime.cpp, line 605]
Event: 2.416 Thread 0x00493400 Exception <a 'java/lang/ArrayIndexOutOfBoundsException'> (0x04e213b8) thrown at [C:\workspace\8-2-build-windows-i586-cygwin\jdk8u121\8372\hotspot\src\share\vm\runtime\sharedRuntime.cpp, line 605]
Event: 2.417 Thread 0x00493400 Exception <a 'java/lang/ArrayIndexOutOfBoundsException'> (0x04e29fe0) thrown at [C:\workspace\8-2-build-windows-i586-cygwin\jdk8u121\8372\hotspot\src\share\vm\runtime\sharedRuntime.cpp, line 605]
Event: 10.593 Thread 0x00493400 Exception <a 'com/jacob/com/ComFailException'> (0x04fceae0) thrown at [C:\workspace\8-2-build-windows-i586-cygwin\jdk8u121\8372\hotspot\src\share\vm\prims\jni.cpp, line 709]
Event: 14.585 Thread 0x00493400 Exception <a 'java/lang/NullPointerException'> (0x04fdc188) thrown at [C:\workspace\8-2-build-windows-i586-cygwin\jdk8u121\8372\hotspot\src\share\vm\interpreter\linkResolver.cpp, line 1280]
Event: 14.586 Thread 0x00493400 Exception <a 'java/lang/reflect/InvocationTargetException'> (0x04fdc388) thrown at [C:\workspace\8-2-build-windows-i586-cygwin\jdk8u121\8372\hotspot\src\share\vm\runtime\reflection.cpp, line 1092]
Event: 15.182 Thread 0x161b0400 Exception <a 'java/net/SocketTimeoutException': connect timed out> (0x050369f0) thrown at [C:\workspace\8-2-build-windows-i586-cygwin\jdk8u121\8372\hotspot\src\share\vm\prims\jni.cpp, line 735]
Event: 15.306 Thread 0x00493400 Exception <a 'java/lang/UnsatisfiedLinkError': The specified procedure could not be found.
> (0x0501ce28) thrown at [C:\workspace\8-2-build-windows-i586-cygwin\jdk8u121\8372\hotspot\src\share\vm\prims\jni.cpp, line 735]

Events (10 events):
Event: 15.643 Executing VM operation: RevokeBias
Event: 15.643 Executing VM operation: RevokeBias done
Event: 15.643 loading class java/util/IdentityHashMap$KeyIterator
Event: 15.643 loading class java/util/IdentityHashMap$IdentityHashMapIterator
Event: 15.643 loading class java/util/IdentityHashMap$IdentityHashMapIterator done
Event: 15.643 loading class java/util/IdentityHashMap$KeyIterator done
Event: 15.644 Thread 0x16005000 Thread added: 0x16005000
Event: 15.644 Thread 0x16005000 Thread exited: 0x16005000
Event: 15.645 Thread 0x15282000 Thread exited: 0x15282000
Event: 15.645 Executing VM operation: Exit


Dynamic libraries:
0x01060000 - 0x01093000 	C:\Program Files (x86)\Java\jre1.8.0_121\bin\javaw.exe
0x77150000 - 0x772d0000 	C:\windows\SysWOW64\ntdll.dll
0x768e0000 - 0x769f0000 	C:\windows\syswow64\kernel32.dll
0x74b20000 - 0x74b67000 	C:\windows\syswow64\KERNELBASE.dll
0x74bf0000 - 0x74c90000 	C:\windows\syswow64\ADVAPI32.dll
0x75280000 - 0x7532c000 	C:\windows\syswow64\msvcrt.dll
0x75260000 - 0x75279000 	C:\windows\SysWOW64\sechost.dll
0x75850000 - 0x75940000 	C:\windows\syswow64\RPCRT4.dll
0x74ac0000 - 0x74b20000 	C:\windows\syswow64\SspiCli.dll
0x74ab0000 - 0x74abc000 	C:\windows\syswow64\CRYPTBASE.dll
0x76c50000 - 0x76d50000 	C:\windows\syswow64\USER32.dll
0x757b0000 - 0x75840000 	C:\windows\syswow64\GDI32.dll
0x76a00000 - 0x76a0a000 	C:\windows\syswow64\LPK.dll
0x76840000 - 0x768dd000 	C:\windows\syswow64\USP10.dll
0x6cda0000 - 0x6cf3e000 	C:\windows\WinSxS\x86_microsoft.windows.common-controls_6595b64144ccf1df_6.0.7601.17514_none_41e6975e2bd6f2b2\COMCTL32.dll
0x74ed0000 - 0x74f27000 	C:\windows\syswow64\SHLWAPI.dll
0x765e0000 - 0x76640000 	C:\windows\system32\IMM32.DLL
0x76a30000 - 0x76afc000 	C:\windows\syswow64\MSCTF.dll
0x73660000 - 0x7368c000 	C:\windows\SysWOW64\nvinit.dll
0x67e20000 - 0x67edf000 	C:\Program Files (x86)\Java\jre1.8.0_121\bin\msvcr100.dll
0x024a0000 - 0x0286e000 	C:\Program Files (x86)\Java\jre1.8.0_121\bin\client\jvm.dll
0x72cc0000 - 0x72cc7000 	C:\windows\system32\WSOCK32.dll
0x76640000 - 0x76675000 	C:\windows\syswow64\WS2_32.dll
0x76b40000 - 0x76b46000 	C:\windows\syswow64\NSI.dll
0x6c750000 - 0x6c782000 	C:\windows\system32\WINMM.dll
0x739a0000 - 0x739a9000 	C:\windows\system32\VERSION.dll
0x754d0000 - 0x754d5000 	C:\windows\syswow64\PSAPI.DLL
0x50000000 - 0x5000c000 	C:\Program Files (x86)\Java\jre1.8.0_121\bin\verify.dll
0x6d700000 - 0x6d721000 	C:\Program Files (x86)\Java\jre1.8.0_121\bin\java.dll
0x6c680000 - 0x6c6ad000 	C:\windows\system32\jvmhook.dll
0x766e0000 - 0x7683c000 	C:\windows\syswow64\ole32.dll
0x74de0000 - 0x74e6f000 	C:\windows\syswow64\OLEAUT32.dll
0x6dad0000 - 0x6db55000 	C:\windows\system32\MSVCP110.dll
0x6d9f0000 - 0x6dac6000 	C:\windows\system32\MSVCR110.dll
0x6f230000 - 0x6f243000 	C:\Program Files (x86)\Java\jre1.8.0_121\bin\zip.dll
0x75950000 - 0x7659b000 	C:\windows\syswow64\SHELL32.dll
0x76a20000 - 0x76a2b000 	C:\windows\syswow64\profapi.dll
0x6f670000 - 0x6f686000 	C:\Program Files (x86)\Java\jre1.8.0_121\bin\net.dll
0x73530000 - 0x7356c000 	C:\windows\system32\mswsock.dll
0x72a00000 - 0x72a06000 	C:\windows\System32\wship6.dll
0x73520000 - 0x73525000 	C:\windows\System32\wshtcpip.dll
0x6d320000 - 0x6d364000 	C:\windows\system32\DNSAPI.dll
0x73310000 - 0x7332c000 	C:\windows\system32\IPHLPAPI.DLL
0x73300000 - 0x73307000 	C:\windows\system32\WINNSI.DLL
0x6d050000 - 0x6d056000 	C:\windows\system32\rasadhlp.dll
0x72940000 - 0x72978000 	C:\windows\System32\fwpuclnt.dll
0x73500000 - 0x73516000 	C:\windows\system32\CRYPTSP.dll
0x734c0000 - 0x734fb000 	C:\windows\system32\rsaenh.dll
0x76b20000 - 0x76b37000 	C:\windows\syswow64\USERENV.dll
0x73330000 - 0x73342000 	C:\windows\system32\dhcpcsvc.DLL
0x732f0000 - 0x732fd000 	C:\windows\system32\dhcpcsvc6.DLL
0x717a0000 - 0x717af000 	C:\Program Files (x86)\Java\jre1.8.0_121\bin\nio.dll
0x6f540000 - 0x6f560000 	C:\Program Files (x86)\Java\jre1.8.0_121\bin\sunec.dll
0x6d2c0000 - 0x6d30c000 	C:\windows\system32\apphelp.dll
0x00570000 - 0x0059f000 	C:\Users\dhavalsh\Desktop\jacob-1.18\jacob-1.18-x86.dll
0x754e0000 - 0x75563000 	C:\windows\syswow64\CLBCatQ.DLL
0x72cd0000 - 0x72cde000 	C:\windows\system32\RpcRtRemote.dll
0x174a0000 - 0x17d26000 	C:\PROGRA~2\HP\OTACLI~1.DLL
0x74f30000 - 0x75050000 	C:\windows\syswow64\CRYPT32.dll
0x75940000 - 0x7594c000 	C:\windows\syswow64\MSASN1.dll
0x6c2b0000 - 0x6c30f000 	C:\windows\system32\SXS.DLL
0x17f20000 - 0x18031000 	C:\ProgramData\HP\ALM-Client\12.50.1.0_952\WebClient.dll
0x75050000 - 0x7525d000 	C:\windows\syswow64\wininet.dll
0x76a10000 - 0x76a14000 	C:\windows\syswow64\api-ms-win-downlevel-user32-l1-1-0.dll
0x77120000 - 0x77124000 	C:\windows\syswow64\api-ms-win-downlevel-shlwapi-l1-1-0.dll
0x769f0000 - 0x769f4000 	C:\windows\syswow64\api-ms-win-downlevel-version-l1-1-0.dll
0x75840000 - 0x75843000 	C:\windows\syswow64\api-ms-win-downlevel-normaliz-l1-1-0.dll
0x765a0000 - 0x765a3000 	C:\windows\syswow64\normaliz.DLL
0x75570000 - 0x757a4000 	C:\windows\syswow64\iertutil.dll
0x76b10000 - 0x76b15000 	C:\windows\syswow64\api-ms-win-downlevel-advapi32-l1-1-0.dll
0x69b60000 - 0x69c58000 	C:\windows\system32\Cryptui.dll
0x72f20000 - 0x72f78000 	C:\windows\system32\winhttp.dll
0x72ed0000 - 0x72f1f000 	C:\windows\system32\webio.dll
0x60870000 - 0x60889000 	C:\windows\system32\olepro32.dll
0x6bd40000 - 0x6bd48000 	C:\windows\system32\Secur32.dll
0x72510000 - 0x72514000 	C:\windows\system32\api-ms-win-downlevel-advapi32-l2-1-0.dll
0x76b00000 - 0x76b04000 	C:\windows\syswow64\api-ms-win-downlevel-ole32-l1-1-0.dll
0x74c90000 - 0x74ddb000 	C:\windows\syswow64\urlmon.dll
0x68c70000 - 0x68c74000 	C:\windows\system32\api-ms-win-downlevel-shlwapi-l2-1-0.dll
0x6b8c0000 - 0x6b8c8000 	C:\windows\system32\credssp.dll
0x76680000 - 0x766a7000 	C:\windows\syswow64\CFGMGR32.dll
0x04b40000 - 0x04b7d000 	C:\Users\dhavalsh\AppData\Local\Temp\jna--1047879879\jna5083519953923720212.dll
0x6bf30000 - 0x6bf40000 	C:\windows\system32\NLAapi.dll
0x6bf20000 - 0x6bf30000 	C:\windows\system32\napinsp.dll
0x6bf00000 - 0x6bf12000 	C:\windows\system32\pnrpnsp.dll
0x6bef0000 - 0x6bef8000 	C:\windows\System32\winrnr.dll
0x6bee0000 - 0x6beed000 	C:\windows\system32\wshbth.dll
0x73570000 - 0x7365b000 	C:\windows\system32\dbghelp.dll

VM Arguments:
jvm_args: -agentlib:jvmhook -ea -Dfile.encoding=Cp1252 -Xrunjvmhook -Xbootclasspath/a:C:\Program Files (x86)\HP\Unified Functional Testing\bin\java_shared\classes;C:\Program Files (x86)\HP\Unified Functional Testing\bin\java_shared\classes\jasmine.jar 
java_command: org.testng.remote.RemoteTestNG -serport 49234 -protocol json -d C:\Users\dhavalsh\Desktop\eclipse\eclipse\workspace\Eifu_Aut\test-output C:\Users\dhavalsh\AppData\Local\Temp\testng-eclipse--684871803\testng-customsuite.xml
java_class_path (initial): C:\Users\dhavalsh\Desktop\eclipse\eclipse\plugins\org.testng.eclipse_6.10.0.201612030230\lib\testng-remote.jar;C:\Users\dhavalsh\Desktop\eclipse\eclipse\workspace\Eifu_Aut\target\test-classes;C:\Users\dhavalsh\Desktop\eclipse\eclipse\workspace\Eifu_Aut\target\classes;C:\Users\dhavalsh\git\SFDC-Test-Scripts\com.okta\target\classes;C:\Users\dhavalsh\git\SFDC-Test-Scripts\com.okta\target\test-classes;C:\Users\dhavalsh\.m2\repository\org\seleniumhq\selenium\selenium-java\3.0.1\selenium-java-3.0.1.jar;C:\Users\dhavalsh\.m2\repository\org\seleniumhq\selenium\selenium-chrome-driver\3.0.1\selenium-chrome-driver-3.0.1.jar;C:\Users\dhavalsh\.m2\repository\org\seleniumhq\selenium\selenium-remote-driver\3.0.1\selenium-remote-driver-3.0.1.jar;C:\Users\dhavalsh\.m2\repository\org\seleniumhq\selenium\selenium-api\3.0.1\selenium-api-3.0.1.jar;C:\Users\dhavalsh\.m2\repository\cglib\cglib-nodep\3.2.4\cglib-nodep-3.2.4.jar;C:\Users\dhavalsh\.m2\repository\org\apache\commons\commons-exec\1.3\commons-exec-1.3.jar;C:\Users\dhavalsh\.m2\repository\com\google\code\gson\gson\2.3.1\gson-2.3.1.jar;C:\Users\dhavalsh\.m2\repository\com\google\guava\guava\19.0\guava-19.0.jar;C:\Users\dhavalsh\.m2\repository\net\java\dev\jna\jna-platform\4.1.0\jna-platform-4.1.0.jar;C:\Users\dhavalsh\.m2\repository\net\java\dev\jna\jna\4.1.0\jna-4.1.0.jar;C:\Users\dhavalsh\.m2\repository\org\seleniumhq\selenium\selenium-edge-driver\3.0.1\selenium-edge-driver-3.0.1.jar;C:\Users\dhavalsh\.m2\repository\org\seleniumhq\selenium\selenium-firefox-driver\3.0.1\selenium-firefox-driver-3.0.1.jar;C:\Users\dhavalsh\.m2\repository\org\seleniumhq\selenium\selenium-ie-driver\3.0.1\selenium-ie-driver-3.0.1.jar;C:\Users\dhavalsh\.m2\repository\org\seleniumhq\selenium\selenium-opera-driver\3.0.1\selenium-opera-driver-3.0.1.jar;C:\Users\dhavalsh\.m2\repository\org\seleniumhq\selenium\selenium-safari-driver\3.0.1\selenium-safari-driver-3.0.1.jar;C:\Users\dhavalsh\.m2\repository\io\netty\netty\3.5.7.Fina
Launcher Type: SUN_STANDARD

Environment Variables:
JAVA_HOME=C:\Program Files\Java\jdk1.8.0_73;C:\geckodriver.exe
JAVA_TOOL_OPTIONS=-agentlib:jvmhook
_JAVA_OPTIONS=-Xrunjvmhook -Xbootclasspath/a:"C:\Program Files (x86)\HP\Unified Functional Testing\bin\java_shared\classes";"C:\Program Files (x86)\HP\Unified Functional Testing\bin\java_shared\classes\jasmine.jar"
USERNAME=DhavalSh
OS=Windows_NT
PROCESSOR_IDENTIFIER=Intel64 Family 6 Model 58 Stepping 9, GenuineIntel



---------------  S Y S T E M  ---------------

OS: Windows 7 , 64 bit Build 7601 (6.1.7601.18229)

CPU:total 4 (2 cores per cpu, 2 threads per core) family 6 model 58 stepping 9, cmov, cx8, fxsr, mmx, sse, sse2, sse3, ssse3, sse4.1, sse4.2, popcnt, avx, aes, clmul, erms, ht, tsc, tscinvbit, tscinv

Memory: 4k page, physical 8256676k(1756820k free), swap 16511496k(7823824k free)

vm_info: Java HotSpot(TM) Client VM (25.121-b13) for windows-x86 JRE (1.8.0_121-b13), built on Dec 12 2016 18:17:00 by "java_re" with MS VC++ 10.0 (VS2010)

time: Mon Feb 20 13:32:14 2017
elapsed time: 15 seconds (0d 0h 0m 15s)

